
 Chord Overlay Nodes in the arrival order :

Node[0]=Node[ID=http://127.0.1.17871,KEY=1368759546]
Node[1]=Node[ID=http://127.0.1.17872,KEY=3365719360]
Node[2]=Node[ID=http://127.0.1.17873,KEY=3214671318]
Node[3]=Node[ID=http://127.0.1.17874,KEY=570386549]
Node[4]=Node[ID=http://127.0.1.17875,KEY=1459116259]
Node[5]=Node[ID=http://127.0.1.17876,KEY=3488680281]
Node[6]=Node[ID=http://127.0.1.17877,KEY=3103144399]
Node[7]=Node[ID=http://127.0.1.17878,KEY=675882078]
Node[8]=Node[ID=http://127.0.1.17879,KEY=1598952648]
Node[9]=Node[ID=http://127.0.1.17880,KEY=2701832355]
Node[10]=Node[ID=http://127.0.1.17881,KEY=3591209013]
Node[11]=Node[ID=http://127.0.1.17882,KEY=1325715855]
Node[12]=Node[ID=http://127.0.1.17883,KEY=939778329]
Node[13]=Node[ID=http://127.0.1.17884,KEY=2791797946]
Node[14]=Node[ID=http://127.0.1.17885,KEY=3512747052]
Node[15]=Node[ID=http://127.0.1.17886,KEY=1214846358]
Node[16]=Node[ID=http://127.0.1.17887,KEY=1064183040]
Node[17]=Node[ID=http://127.0.1.17888,KEY=2949724305]
Node[18]=Node[ID=http://127.0.1.17889,KEY=3637905415]
Node[19]=Node[ID=http://127.0.1.17890,KEY=3088155106]

 Chord Overlay Nodes in the sorted order :

Node[0]=Node[ID=http://127.0.1.17874,KEY=570386549]
Node[1]=Node[ID=http://127.0.1.17878,KEY=675882078]
Node[2]=Node[ID=http://127.0.1.17883,KEY=939778329]
Node[3]=Node[ID=http://127.0.1.17887,KEY=1064183040]
Node[4]=Node[ID=http://127.0.1.17886,KEY=1214846358]
Node[5]=Node[ID=http://127.0.1.17882,KEY=1325715855]
Node[6]=Node[ID=http://127.0.1.17871,KEY=1368759546]
Node[7]=Node[ID=http://127.0.1.17875,KEY=1459116259]
Node[8]=Node[ID=http://127.0.1.17879,KEY=1598952648]
Node[9]=Node[ID=http://127.0.1.17880,KEY=2701832355]
Node[10]=Node[ID=http://127.0.1.17884,KEY=2791797946]
Node[11]=Node[ID=http://127.0.1.17888,KEY=2949724305]
Node[12]=Node[ID=http://127.0.1.17890,KEY=3088155106]
Node[13]=Node[ID=http://127.0.1.17877,KEY=3103144399]
Node[14]=Node[ID=http://127.0.1.17873,KEY=3214671318]
Node[15]=Node[ID=http://127.0.1.17872,KEY=3365719360]
Node[16]=Node[ID=http://127.0.1.17876,KEY=3488680281]
Node[17]=Node[ID=http://127.0.1.17885,KEY=3512747052]
Node[18]=Node[ID=http://127.0.1.17881,KEY=3591209013]
Node[19]=Node[ID=http://127.0.1.17889,KEY=3637905415]
Finger Tables are fixed. Chord Network is stabilized
=======================================================
FingerTable: Node[ID=http://127.0.1.17874,KEY=570386549]
-------------------------------------------------------
Predecessor: Node[ID=http://127.0.1.17889,KEY=3637905415]
Successor: Node[ID=http://127.0.1.17878,KEY=675882078]
-------------------------------------------------------
570386550	Node[ID=http://127.0.1.17878,KEY=675882078]
570386551	Node[ID=http://127.0.1.17878,KEY=675882078]
570386553	Node[ID=http://127.0.1.17878,KEY=675882078]
570386557	Node[ID=http://127.0.1.17878,KEY=675882078]
570386565	Node[ID=http://127.0.1.17878,KEY=675882078]
570386581	Node[ID=http://127.0.1.17878,KEY=675882078]
570386613	Node[ID=http://127.0.1.17878,KEY=675882078]
570386677	Node[ID=http://127.0.1.17878,KEY=675882078]
570386805	Node[ID=http://127.0.1.17878,KEY=675882078]
570387061	Node[ID=http://127.0.1.17878,KEY=675882078]
570387573	Node[ID=http://127.0.1.17878,KEY=675882078]
570388597	Node[ID=http://127.0.1.17878,KEY=675882078]
570390645	Node[ID=http://127.0.1.17878,KEY=675882078]
570394741	Node[ID=http://127.0.1.17878,KEY=675882078]
570402933	Node[ID=http://127.0.1.17878,KEY=675882078]
570419317	Node[ID=http://127.0.1.17878,KEY=675882078]
570452085	Node[ID=http://127.0.1.17878,KEY=675882078]
570517621	Node[ID=http://127.0.1.17878,KEY=675882078]
570648693	Node[ID=http://127.0.1.17878,KEY=675882078]
570910837	Node[ID=http://127.0.1.17878,KEY=675882078]
571435125	Node[ID=http://127.0.1.17878,KEY=675882078]
572483701	Node[ID=http://127.0.1.17878,KEY=675882078]
574580853	Node[ID=http://127.0.1.17878,KEY=675882078]
578775157	Node[ID=http://127.0.1.17878,KEY=675882078]
587163765	Node[ID=http://127.0.1.17878,KEY=675882078]
603940981	Node[ID=http://127.0.1.17878,KEY=675882078]
637495413	Node[ID=http://127.0.1.17878,KEY=675882078]
704604277	Node[ID=http://127.0.1.17883,KEY=939778329]
838822005	Node[ID=http://127.0.1.17883,KEY=939778329]
1107257461	Node[ID=http://127.0.1.17886,KEY=1214846358]
1644128373	Node[ID=http://127.0.1.17880,KEY=2701832355]
2717870197	Node[ID=http://127.0.1.17884,KEY=2791797946]
=======================================================
=======================================================
FingerTable: Node[ID=http://127.0.1.17878,KEY=675882078]
-------------------------------------------------------
Predecessor: Node[ID=http://127.0.1.17874,KEY=570386549]
Successor: Node[ID=http://127.0.1.17883,KEY=939778329]
-------------------------------------------------------
675882079	Node[ID=http://127.0.1.17883,KEY=939778329]
675882080	Node[ID=http://127.0.1.17883,KEY=939778329]
675882082	Node[ID=http://127.0.1.17883,KEY=939778329]
675882086	Node[ID=http://127.0.1.17883,KEY=939778329]
675882094	Node[ID=http://127.0.1.17883,KEY=939778329]
675882110	Node[ID=http://127.0.1.17883,KEY=939778329]
675882142	Node[ID=http://127.0.1.17883,KEY=939778329]
675882206	Node[ID=http://127.0.1.17883,KEY=939778329]
675882334	Node[ID=http://127.0.1.17883,KEY=939778329]
675882590	Node[ID=http://127.0.1.17883,KEY=939778329]
675883102	Node[ID=http://127.0.1.17883,KEY=939778329]
675884126	Node[ID=http://127.0.1.17883,KEY=939778329]
675886174	Node[ID=http://127.0.1.17883,KEY=939778329]
675890270	Node[ID=http://127.0.1.17883,KEY=939778329]
675898462	Node[ID=http://127.0.1.17883,KEY=939778329]
675914846	Node[ID=http://127.0.1.17883,KEY=939778329]
675947614	Node[ID=http://127.0.1.17883,KEY=939778329]
676013150	Node[ID=http://127.0.1.17883,KEY=939778329]
676144222	Node[ID=http://127.0.1.17883,KEY=939778329]
676406366	Node[ID=http://127.0.1.17883,KEY=939778329]
676930654	Node[ID=http://127.0.1.17883,KEY=939778329]
677979230	Node[ID=http://127.0.1.17883,KEY=939778329]
680076382	Node[ID=http://127.0.1.17883,KEY=939778329]
684270686	Node[ID=http://127.0.1.17883,KEY=939778329]
692659294	Node[ID=http://127.0.1.17883,KEY=939778329]
709436510	Node[ID=http://127.0.1.17883,KEY=939778329]
742990942	Node[ID=http://127.0.1.17883,KEY=939778329]
810099806	Node[ID=http://127.0.1.17883,KEY=939778329]
944317534	Node[ID=http://127.0.1.17887,KEY=1064183040]
1212752990	Node[ID=http://127.0.1.17886,KEY=1214846358]
1749623902	Node[ID=http://127.0.1.17880,KEY=2701832355]
2823365726	Node[ID=http://127.0.1.17888,KEY=2949724305]
=======================================================
=======================================================
FingerTable: Node[ID=http://127.0.1.17883,KEY=939778329]
-------------------------------------------------------
Predecessor: Node[ID=http://127.0.1.17878,KEY=675882078]
Successor: Node[ID=http://127.0.1.17887,KEY=1064183040]
-------------------------------------------------------
939778330	Node[ID=http://127.0.1.17887,KEY=1064183040]
939778331	Node[ID=http://127.0.1.17887,KEY=1064183040]
939778333	Node[ID=http://127.0.1.17887,KEY=1064183040]
939778337	Node[ID=http://127.0.1.17887,KEY=1064183040]
939778345	Node[ID=http://127.0.1.17887,KEY=1064183040]
939778361	Node[ID=http://127.0.1.17887,KEY=1064183040]
939778393	Node[ID=http://127.0.1.17887,KEY=1064183040]
939778457	Node[ID=http://127.0.1.17887,KEY=1064183040]
939778585	Node[ID=http://127.0.1.17887,KEY=1064183040]
939778841	Node[ID=http://127.0.1.17887,KEY=1064183040]
939779353	Node[ID=http://127.0.1.17887,KEY=1064183040]
939780377	Node[ID=http://127.0.1.17887,KEY=1064183040]
939782425	Node[ID=http://127.0.1.17887,KEY=1064183040]
939786521	Node[ID=http://127.0.1.17887,KEY=1064183040]
939794713	Node[ID=http://127.0.1.17887,KEY=1064183040]
939811097	Node[ID=http://127.0.1.17887,KEY=1064183040]
939843865	Node[ID=http://127.0.1.17887,KEY=1064183040]
939909401	Node[ID=http://127.0.1.17887,KEY=1064183040]
940040473	Node[ID=http://127.0.1.17887,KEY=1064183040]
940302617	Node[ID=http://127.0.1.17887,KEY=1064183040]
940826905	Node[ID=http://127.0.1.17887,KEY=1064183040]
941875481	Node[ID=http://127.0.1.17887,KEY=1064183040]
943972633	Node[ID=http://127.0.1.17887,KEY=1064183040]
948166937	Node[ID=http://127.0.1.17887,KEY=1064183040]
956555545	Node[ID=http://127.0.1.17887,KEY=1064183040]
973332761	Node[ID=http://127.0.1.17887,KEY=1064183040]
1006887193	Node[ID=http://127.0.1.17887,KEY=1064183040]
1073996057	Node[ID=http://127.0.1.17886,KEY=1214846358]
1208213785	Node[ID=http://127.0.1.17886,KEY=1214846358]
1476649241	Node[ID=http://127.0.1.17879,KEY=1598952648]
2013520153	Node[ID=http://127.0.1.17880,KEY=2701832355]
3087261977	Node[ID=http://127.0.1.17890,KEY=3088155106]
=======================================================
=======================================================
FingerTable: Node[ID=http://127.0.1.17887,KEY=1064183040]
-------------------------------------------------------
Predecessor: Node[ID=http://127.0.1.17883,KEY=939778329]
Successor: Node[ID=http://127.0.1.17886,KEY=1214846358]
-------------------------------------------------------
1064183041	Node[ID=http://127.0.1.17886,KEY=1214846358]
1064183042	Node[ID=http://127.0.1.17886,KEY=1214846358]
1064183044	Node[ID=http://127.0.1.17886,KEY=1214846358]
1064183048	Node[ID=http://127.0.1.17886,KEY=1214846358]
1064183056	Node[ID=http://127.0.1.17886,KEY=1214846358]
1064183072	Node[ID=http://127.0.1.17886,KEY=1214846358]
1064183104	Node[ID=http://127.0.1.17886,KEY=1214846358]
1064183168	Node[ID=http://127.0.1.17886,KEY=1214846358]
1064183296	Node[ID=http://127.0.1.17886,KEY=1214846358]
1064183552	Node[ID=http://127.0.1.17886,KEY=1214846358]
1064184064	Node[ID=http://127.0.1.17886,KEY=1214846358]
1064185088	Node[ID=http://127.0.1.17886,KEY=1214846358]
1064187136	Node[ID=http://127.0.1.17886,KEY=1214846358]
1064191232	Node[ID=http://127.0.1.17886,KEY=1214846358]
1064199424	Node[ID=http://127.0.1.17886,KEY=1214846358]
1064215808	Node[ID=http://127.0.1.17886,KEY=1214846358]
1064248576	Node[ID=http://127.0.1.17886,KEY=1214846358]
1064314112	Node[ID=http://127.0.1.17886,KEY=1214846358]
1064445184	Node[ID=http://127.0.1.17886,KEY=1214846358]
1064707328	Node[ID=http://127.0.1.17886,KEY=1214846358]
1065231616	Node[ID=http://127.0.1.17886,KEY=1214846358]
1066280192	Node[ID=http://127.0.1.17886,KEY=1214846358]
1068377344	Node[ID=http://127.0.1.17886,KEY=1214846358]
1072571648	Node[ID=http://127.0.1.17886,KEY=1214846358]
1080960256	Node[ID=http://127.0.1.17886,KEY=1214846358]
1097737472	Node[ID=http://127.0.1.17886,KEY=1214846358]
1131291904	Node[ID=http://127.0.1.17886,KEY=1214846358]
1198400768	Node[ID=http://127.0.1.17886,KEY=1214846358]
1332618496	Node[ID=http://127.0.1.17871,KEY=1368759546]
1601053952	Node[ID=http://127.0.1.17880,KEY=2701832355]
2137924864	Node[ID=http://127.0.1.17880,KEY=2701832355]
3211666688	Node[ID=http://127.0.1.17873,KEY=3214671318]
=======================================================
=======================================================
FingerTable: Node[ID=http://127.0.1.17886,KEY=1214846358]
-------------------------------------------------------
Predecessor: Node[ID=http://127.0.1.17887,KEY=1064183040]
Successor: Node[ID=http://127.0.1.17882,KEY=1325715855]
-------------------------------------------------------
1214846359	Node[ID=http://127.0.1.17882,KEY=1325715855]
1214846360	Node[ID=http://127.0.1.17882,KEY=1325715855]
1214846362	Node[ID=http://127.0.1.17882,KEY=1325715855]
1214846366	Node[ID=http://127.0.1.17882,KEY=1325715855]
1214846374	Node[ID=http://127.0.1.17882,KEY=1325715855]
1214846390	Node[ID=http://127.0.1.17882,KEY=1325715855]
1214846422	Node[ID=http://127.0.1.17882,KEY=1325715855]
1214846486	Node[ID=http://127.0.1.17882,KEY=1325715855]
1214846614	Node[ID=http://127.0.1.17882,KEY=1325715855]
1214846870	Node[ID=http://127.0.1.17882,KEY=1325715855]
1214847382	Node[ID=http://127.0.1.17882,KEY=1325715855]
1214848406	Node[ID=http://127.0.1.17882,KEY=1325715855]
1214850454	Node[ID=http://127.0.1.17882,KEY=1325715855]
1214854550	Node[ID=http://127.0.1.17882,KEY=1325715855]
1214862742	Node[ID=http://127.0.1.17882,KEY=1325715855]
1214879126	Node[ID=http://127.0.1.17882,KEY=1325715855]
1214911894	Node[ID=http://127.0.1.17882,KEY=1325715855]
1214977430	Node[ID=http://127.0.1.17882,KEY=1325715855]
1215108502	Node[ID=http://127.0.1.17882,KEY=1325715855]
1215370646	Node[ID=http://127.0.1.17882,KEY=1325715855]
1215894934	Node[ID=http://127.0.1.17882,KEY=1325715855]
1216943510	Node[ID=http://127.0.1.17882,KEY=1325715855]
1219040662	Node[ID=http://127.0.1.17882,KEY=1325715855]
1223234966	Node[ID=http://127.0.1.17882,KEY=1325715855]
1231623574	Node[ID=http://127.0.1.17882,KEY=1325715855]
1248400790	Node[ID=http://127.0.1.17882,KEY=1325715855]
1281955222	Node[ID=http://127.0.1.17882,KEY=1325715855]
1349064086	Node[ID=http://127.0.1.17871,KEY=1368759546]
1483281814	Node[ID=http://127.0.1.17879,KEY=1598952648]
1751717270	Node[ID=http://127.0.1.17880,KEY=2701832355]
2288588182	Node[ID=http://127.0.1.17880,KEY=2701832355]
3362330006	Node[ID=http://127.0.1.17872,KEY=3365719360]
=======================================================
=======================================================
FingerTable: Node[ID=http://127.0.1.17882,KEY=1325715855]
-------------------------------------------------------
Predecessor: Node[ID=http://127.0.1.17886,KEY=1214846358]
Successor: Node[ID=http://127.0.1.17871,KEY=1368759546]
-------------------------------------------------------
1325715856	Node[ID=http://127.0.1.17871,KEY=1368759546]
1325715857	Node[ID=http://127.0.1.17871,KEY=1368759546]
1325715859	Node[ID=http://127.0.1.17871,KEY=1368759546]
1325715863	Node[ID=http://127.0.1.17871,KEY=1368759546]
1325715871	Node[ID=http://127.0.1.17871,KEY=1368759546]
1325715887	Node[ID=http://127.0.1.17871,KEY=1368759546]
1325715919	Node[ID=http://127.0.1.17871,KEY=1368759546]
1325715983	Node[ID=http://127.0.1.17871,KEY=1368759546]
1325716111	Node[ID=http://127.0.1.17871,KEY=1368759546]
1325716367	Node[ID=http://127.0.1.17871,KEY=1368759546]
1325716879	Node[ID=http://127.0.1.17871,KEY=1368759546]
1325717903	Node[ID=http://127.0.1.17871,KEY=1368759546]
1325719951	Node[ID=http://127.0.1.17871,KEY=1368759546]
1325724047	Node[ID=http://127.0.1.17871,KEY=1368759546]
1325732239	Node[ID=http://127.0.1.17871,KEY=1368759546]
1325748623	Node[ID=http://127.0.1.17871,KEY=1368759546]
1325781391	Node[ID=http://127.0.1.17871,KEY=1368759546]
1325846927	Node[ID=http://127.0.1.17871,KEY=1368759546]
1325977999	Node[ID=http://127.0.1.17871,KEY=1368759546]
1326240143	Node[ID=http://127.0.1.17871,KEY=1368759546]
1326764431	Node[ID=http://127.0.1.17871,KEY=1368759546]
1327813007	Node[ID=http://127.0.1.17871,KEY=1368759546]
1329910159	Node[ID=http://127.0.1.17871,KEY=1368759546]
1334104463	Node[ID=http://127.0.1.17871,KEY=1368759546]
1342493071	Node[ID=http://127.0.1.17871,KEY=1368759546]
1359270287	Node[ID=http://127.0.1.17871,KEY=1368759546]
1392824719	Node[ID=http://127.0.1.17875,KEY=1459116259]
1459933583	Node[ID=http://127.0.1.17879,KEY=1598952648]
1594151311	Node[ID=http://127.0.1.17879,KEY=1598952648]
1862586767	Node[ID=http://127.0.1.17880,KEY=2701832355]
2399457679	Node[ID=http://127.0.1.17880,KEY=2701832355]
3473199503	Node[ID=http://127.0.1.17876,KEY=3488680281]
=======================================================
=======================================================
FingerTable: Node[ID=http://127.0.1.17871,KEY=1368759546]
-------------------------------------------------------
Predecessor: Node[ID=http://127.0.1.17882,KEY=1325715855]
Successor: Node[ID=http://127.0.1.17875,KEY=1459116259]
-------------------------------------------------------
1368759547	Node[ID=http://127.0.1.17875,KEY=1459116259]
1368759548	Node[ID=http://127.0.1.17875,KEY=1459116259]
1368759550	Node[ID=http://127.0.1.17875,KEY=1459116259]
1368759554	Node[ID=http://127.0.1.17875,KEY=1459116259]
1368759562	Node[ID=http://127.0.1.17875,KEY=1459116259]
1368759578	Node[ID=http://127.0.1.17875,KEY=1459116259]
1368759610	Node[ID=http://127.0.1.17875,KEY=1459116259]
1368759674	Node[ID=http://127.0.1.17875,KEY=1459116259]
1368759802	Node[ID=http://127.0.1.17875,KEY=1459116259]
1368760058	Node[ID=http://127.0.1.17875,KEY=1459116259]
1368760570	Node[ID=http://127.0.1.17875,KEY=1459116259]
1368761594	Node[ID=http://127.0.1.17875,KEY=1459116259]
1368763642	Node[ID=http://127.0.1.17875,KEY=1459116259]
1368767738	Node[ID=http://127.0.1.17875,KEY=1459116259]
1368775930	Node[ID=http://127.0.1.17875,KEY=1459116259]
1368792314	Node[ID=http://127.0.1.17875,KEY=1459116259]
1368825082	Node[ID=http://127.0.1.17875,KEY=1459116259]
1368890618	Node[ID=http://127.0.1.17875,KEY=1459116259]
1369021690	Node[ID=http://127.0.1.17875,KEY=1459116259]
1369283834	Node[ID=http://127.0.1.17875,KEY=1459116259]
1369808122	Node[ID=http://127.0.1.17875,KEY=1459116259]
1370856698	Node[ID=http://127.0.1.17875,KEY=1459116259]
1372953850	Node[ID=http://127.0.1.17875,KEY=1459116259]
1377148154	Node[ID=http://127.0.1.17875,KEY=1459116259]
1385536762	Node[ID=http://127.0.1.17875,KEY=1459116259]
1402313978	Node[ID=http://127.0.1.17875,KEY=1459116259]
1435868410	Node[ID=http://127.0.1.17875,KEY=1459116259]
1502977274	Node[ID=http://127.0.1.17879,KEY=1598952648]
1637195002	Node[ID=http://127.0.1.17880,KEY=2701832355]
1905630458	Node[ID=http://127.0.1.17880,KEY=2701832355]
2442501370	Node[ID=http://127.0.1.17880,KEY=2701832355]
3516243194	Node[ID=http://127.0.1.17881,KEY=3591209013]
=======================================================
=======================================================
FingerTable: Node[ID=http://127.0.1.17875,KEY=1459116259]
-------------------------------------------------------
Predecessor: Node[ID=http://127.0.1.17871,KEY=1368759546]
Successor: Node[ID=http://127.0.1.17879,KEY=1598952648]
-------------------------------------------------------
1459116260	Node[ID=http://127.0.1.17879,KEY=1598952648]
1459116261	Node[ID=http://127.0.1.17879,KEY=1598952648]
1459116263	Node[ID=http://127.0.1.17879,KEY=1598952648]
1459116267	Node[ID=http://127.0.1.17879,KEY=1598952648]
1459116275	Node[ID=http://127.0.1.17879,KEY=1598952648]
1459116291	Node[ID=http://127.0.1.17879,KEY=1598952648]
1459116323	Node[ID=http://127.0.1.17879,KEY=1598952648]
1459116387	Node[ID=http://127.0.1.17879,KEY=1598952648]
1459116515	Node[ID=http://127.0.1.17879,KEY=1598952648]
1459116771	Node[ID=http://127.0.1.17879,KEY=1598952648]
1459117283	Node[ID=http://127.0.1.17879,KEY=1598952648]
1459118307	Node[ID=http://127.0.1.17879,KEY=1598952648]
1459120355	Node[ID=http://127.0.1.17879,KEY=1598952648]
1459124451	Node[ID=http://127.0.1.17879,KEY=1598952648]
1459132643	Node[ID=http://127.0.1.17879,KEY=1598952648]
1459149027	Node[ID=http://127.0.1.17879,KEY=1598952648]
1459181795	Node[ID=http://127.0.1.17879,KEY=1598952648]
1459247331	Node[ID=http://127.0.1.17879,KEY=1598952648]
1459378403	Node[ID=http://127.0.1.17879,KEY=1598952648]
1459640547	Node[ID=http://127.0.1.17879,KEY=1598952648]
1460164835	Node[ID=http://127.0.1.17879,KEY=1598952648]
1461213411	Node[ID=http://127.0.1.17879,KEY=1598952648]
1463310563	Node[ID=http://127.0.1.17879,KEY=1598952648]
1467504867	Node[ID=http://127.0.1.17879,KEY=1598952648]
1475893475	Node[ID=http://127.0.1.17879,KEY=1598952648]
1492670691	Node[ID=http://127.0.1.17879,KEY=1598952648]
1526225123	Node[ID=http://127.0.1.17879,KEY=1598952648]
1593333987	Node[ID=http://127.0.1.17879,KEY=1598952648]
1727551715	Node[ID=http://127.0.1.17880,KEY=2701832355]
1995987171	Node[ID=http://127.0.1.17880,KEY=2701832355]
2532858083	Node[ID=http://127.0.1.17880,KEY=2701832355]
3606599907	Node[ID=http://127.0.1.17889,KEY=3637905415]
=======================================================
=======================================================
FingerTable: Node[ID=http://127.0.1.17879,KEY=1598952648]
-------------------------------------------------------
Predecessor: Node[ID=http://127.0.1.17875,KEY=1459116259]
Successor: Node[ID=http://127.0.1.17880,KEY=2701832355]
-------------------------------------------------------
1598952649	Node[ID=http://127.0.1.17880,KEY=2701832355]
1598952650	Node[ID=http://127.0.1.17880,KEY=2701832355]
1598952652	Node[ID=http://127.0.1.17880,KEY=2701832355]
1598952656	Node[ID=http://127.0.1.17880,KEY=2701832355]
1598952664	Node[ID=http://127.0.1.17880,KEY=2701832355]
1598952680	Node[ID=http://127.0.1.17880,KEY=2701832355]
1598952712	Node[ID=http://127.0.1.17880,KEY=2701832355]
1598952776	Node[ID=http://127.0.1.17880,KEY=2701832355]
1598952904	Node[ID=http://127.0.1.17880,KEY=2701832355]
1598953160	Node[ID=http://127.0.1.17880,KEY=2701832355]
1598953672	Node[ID=http://127.0.1.17880,KEY=2701832355]
1598954696	Node[ID=http://127.0.1.17880,KEY=2701832355]
1598956744	Node[ID=http://127.0.1.17880,KEY=2701832355]
1598960840	Node[ID=http://127.0.1.17880,KEY=2701832355]
1598969032	Node[ID=http://127.0.1.17880,KEY=2701832355]
1598985416	Node[ID=http://127.0.1.17880,KEY=2701832355]
1599018184	Node[ID=http://127.0.1.17880,KEY=2701832355]
1599083720	Node[ID=http://127.0.1.17880,KEY=2701832355]
1599214792	Node[ID=http://127.0.1.17880,KEY=2701832355]
1599476936	Node[ID=http://127.0.1.17880,KEY=2701832355]
1600001224	Node[ID=http://127.0.1.17880,KEY=2701832355]
1601049800	Node[ID=http://127.0.1.17880,KEY=2701832355]
1603146952	Node[ID=http://127.0.1.17880,KEY=2701832355]
1607341256	Node[ID=http://127.0.1.17880,KEY=2701832355]
1615729864	Node[ID=http://127.0.1.17880,KEY=2701832355]
1632507080	Node[ID=http://127.0.1.17880,KEY=2701832355]
1666061512	Node[ID=http://127.0.1.17880,KEY=2701832355]
1733170376	Node[ID=http://127.0.1.17880,KEY=2701832355]
1867388104	Node[ID=http://127.0.1.17880,KEY=2701832355]
2135823560	Node[ID=http://127.0.1.17880,KEY=2701832355]
2672694472	Node[ID=http://127.0.1.17880,KEY=2701832355]
3746436296	Node[ID=http://127.0.1.17874,KEY=570386549]
=======================================================
=======================================================
FingerTable: Node[ID=http://127.0.1.17880,KEY=2701832355]
-------------------------------------------------------
Predecessor: Node[ID=http://127.0.1.17879,KEY=1598952648]
Successor: Node[ID=http://127.0.1.17884,KEY=2791797946]
-------------------------------------------------------
2701832356	Node[ID=http://127.0.1.17884,KEY=2791797946]
2701832357	Node[ID=http://127.0.1.17884,KEY=2791797946]
2701832359	Node[ID=http://127.0.1.17884,KEY=2791797946]
2701832363	Node[ID=http://127.0.1.17884,KEY=2791797946]
2701832371	Node[ID=http://127.0.1.17884,KEY=2791797946]
2701832387	Node[ID=http://127.0.1.17884,KEY=2791797946]
2701832419	Node[ID=http://127.0.1.17884,KEY=2791797946]
2701832483	Node[ID=http://127.0.1.17884,KEY=2791797946]
2701832611	Node[ID=http://127.0.1.17884,KEY=2791797946]
2701832867	Node[ID=http://127.0.1.17884,KEY=2791797946]
2701833379	Node[ID=http://127.0.1.17884,KEY=2791797946]
2701834403	Node[ID=http://127.0.1.17884,KEY=2791797946]
2701836451	Node[ID=http://127.0.1.17884,KEY=2791797946]
2701840547	Node[ID=http://127.0.1.17884,KEY=2791797946]
2701848739	Node[ID=http://127.0.1.17884,KEY=2791797946]
2701865123	Node[ID=http://127.0.1.17884,KEY=2791797946]
2701897891	Node[ID=http://127.0.1.17884,KEY=2791797946]
2701963427	Node[ID=http://127.0.1.17884,KEY=2791797946]
2702094499	Node[ID=http://127.0.1.17884,KEY=2791797946]
2702356643	Node[ID=http://127.0.1.17884,KEY=2791797946]
2702880931	Node[ID=http://127.0.1.17884,KEY=2791797946]
2703929507	Node[ID=http://127.0.1.17884,KEY=2791797946]
2706026659	Node[ID=http://127.0.1.17884,KEY=2791797946]
2710220963	Node[ID=http://127.0.1.17884,KEY=2791797946]
2718609571	Node[ID=http://127.0.1.17884,KEY=2791797946]
2735386787	Node[ID=http://127.0.1.17884,KEY=2791797946]
2768941219	Node[ID=http://127.0.1.17884,KEY=2791797946]
2836050083	Node[ID=http://127.0.1.17888,KEY=2949724305]
2970267811	Node[ID=http://127.0.1.17890,KEY=3088155106]
3238703267	Node[ID=http://127.0.1.17872,KEY=3365719360]
3775574179	Node[ID=http://127.0.1.17874,KEY=570386549]
554348707	Node[ID=http://127.0.1.17874,KEY=570386549]
=======================================================
=======================================================
FingerTable: Node[ID=http://127.0.1.17884,KEY=2791797946]
-------------------------------------------------------
Predecessor: Node[ID=http://127.0.1.17880,KEY=2701832355]
Successor: Node[ID=http://127.0.1.17888,KEY=2949724305]
-------------------------------------------------------
2791797947	Node[ID=http://127.0.1.17888,KEY=2949724305]
2791797948	Node[ID=http://127.0.1.17888,KEY=2949724305]
2791797950	Node[ID=http://127.0.1.17888,KEY=2949724305]
2791797954	Node[ID=http://127.0.1.17888,KEY=2949724305]
2791797962	Node[ID=http://127.0.1.17888,KEY=2949724305]
2791797978	Node[ID=http://127.0.1.17888,KEY=2949724305]
2791798010	Node[ID=http://127.0.1.17888,KEY=2949724305]
2791798074	Node[ID=http://127.0.1.17888,KEY=2949724305]
2791798202	Node[ID=http://127.0.1.17888,KEY=2949724305]
2791798458	Node[ID=http://127.0.1.17888,KEY=2949724305]
2791798970	Node[ID=http://127.0.1.17888,KEY=2949724305]
2791799994	Node[ID=http://127.0.1.17888,KEY=2949724305]
2791802042	Node[ID=http://127.0.1.17888,KEY=2949724305]
2791806138	Node[ID=http://127.0.1.17888,KEY=2949724305]
2791814330	Node[ID=http://127.0.1.17888,KEY=2949724305]
2791830714	Node[ID=http://127.0.1.17888,KEY=2949724305]
2791863482	Node[ID=http://127.0.1.17888,KEY=2949724305]
2791929018	Node[ID=http://127.0.1.17888,KEY=2949724305]
2792060090	Node[ID=http://127.0.1.17888,KEY=2949724305]
2792322234	Node[ID=http://127.0.1.17888,KEY=2949724305]
2792846522	Node[ID=http://127.0.1.17888,KEY=2949724305]
2793895098	Node[ID=http://127.0.1.17888,KEY=2949724305]
2795992250	Node[ID=http://127.0.1.17888,KEY=2949724305]
2800186554	Node[ID=http://127.0.1.17888,KEY=2949724305]
2808575162	Node[ID=http://127.0.1.17888,KEY=2949724305]
2825352378	Node[ID=http://127.0.1.17888,KEY=2949724305]
2858906810	Node[ID=http://127.0.1.17888,KEY=2949724305]
2926015674	Node[ID=http://127.0.1.17888,KEY=2949724305]
3060233402	Node[ID=http://127.0.1.17890,KEY=3088155106]
3328668858	Node[ID=http://127.0.1.17872,KEY=3365719360]
3865539770	Node[ID=http://127.0.1.17874,KEY=570386549]
644314298	Node[ID=http://127.0.1.17878,KEY=675882078]
=======================================================
=======================================================
FingerTable: Node[ID=http://127.0.1.17888,KEY=2949724305]
-------------------------------------------------------
Predecessor: Node[ID=http://127.0.1.17884,KEY=2791797946]
Successor: Node[ID=http://127.0.1.17890,KEY=3088155106]
-------------------------------------------------------
2949724306	Node[ID=http://127.0.1.17890,KEY=3088155106]
2949724307	Node[ID=http://127.0.1.17890,KEY=3088155106]
2949724309	Node[ID=http://127.0.1.17890,KEY=3088155106]
2949724313	Node[ID=http://127.0.1.17890,KEY=3088155106]
2949724321	Node[ID=http://127.0.1.17890,KEY=3088155106]
2949724337	Node[ID=http://127.0.1.17890,KEY=3088155106]
2949724369	Node[ID=http://127.0.1.17890,KEY=3088155106]
2949724433	Node[ID=http://127.0.1.17890,KEY=3088155106]
2949724561	Node[ID=http://127.0.1.17890,KEY=3088155106]
2949724817	Node[ID=http://127.0.1.17890,KEY=3088155106]
2949725329	Node[ID=http://127.0.1.17890,KEY=3088155106]
2949726353	Node[ID=http://127.0.1.17890,KEY=3088155106]
2949728401	Node[ID=http://127.0.1.17890,KEY=3088155106]
2949732497	Node[ID=http://127.0.1.17890,KEY=3088155106]
2949740689	Node[ID=http://127.0.1.17890,KEY=3088155106]
2949757073	Node[ID=http://127.0.1.17890,KEY=3088155106]
2949789841	Node[ID=http://127.0.1.17890,KEY=3088155106]
2949855377	Node[ID=http://127.0.1.17890,KEY=3088155106]
2949986449	Node[ID=http://127.0.1.17890,KEY=3088155106]
2950248593	Node[ID=http://127.0.1.17890,KEY=3088155106]
2950772881	Node[ID=http://127.0.1.17890,KEY=3088155106]
2951821457	Node[ID=http://127.0.1.17890,KEY=3088155106]
2953918609	Node[ID=http://127.0.1.17890,KEY=3088155106]
2958112913	Node[ID=http://127.0.1.17890,KEY=3088155106]
2966501521	Node[ID=http://127.0.1.17890,KEY=3088155106]
2983278737	Node[ID=http://127.0.1.17890,KEY=3088155106]
3016833169	Node[ID=http://127.0.1.17890,KEY=3088155106]
3083942033	Node[ID=http://127.0.1.17890,KEY=3088155106]
3218159761	Node[ID=http://127.0.1.17872,KEY=3365719360]
3486595217	Node[ID=http://127.0.1.17876,KEY=3488680281]
4023466129	Node[ID=http://127.0.1.17874,KEY=570386549]
802240657	Node[ID=http://127.0.1.17883,KEY=939778329]
=======================================================
=======================================================
FingerTable: Node[ID=http://127.0.1.17890,KEY=3088155106]
-------------------------------------------------------
Predecessor: Node[ID=http://127.0.1.17888,KEY=2949724305]
Successor: Node[ID=http://127.0.1.17877,KEY=3103144399]
-------------------------------------------------------
3088155107	Node[ID=http://127.0.1.17877,KEY=3103144399]
3088155108	Node[ID=http://127.0.1.17877,KEY=3103144399]
3088155110	Node[ID=http://127.0.1.17877,KEY=3103144399]
3088155114	Node[ID=http://127.0.1.17877,KEY=3103144399]
3088155122	Node[ID=http://127.0.1.17877,KEY=3103144399]
3088155138	Node[ID=http://127.0.1.17877,KEY=3103144399]
3088155170	Node[ID=http://127.0.1.17877,KEY=3103144399]
3088155234	Node[ID=http://127.0.1.17877,KEY=3103144399]
3088155362	Node[ID=http://127.0.1.17877,KEY=3103144399]
3088155618	Node[ID=http://127.0.1.17877,KEY=3103144399]
3088156130	Node[ID=http://127.0.1.17877,KEY=3103144399]
3088157154	Node[ID=http://127.0.1.17877,KEY=3103144399]
3088159202	Node[ID=http://127.0.1.17877,KEY=3103144399]
3088163298	Node[ID=http://127.0.1.17877,KEY=3103144399]
3088171490	Node[ID=http://127.0.1.17877,KEY=3103144399]
3088187874	Node[ID=http://127.0.1.17877,KEY=3103144399]
3088220642	Node[ID=http://127.0.1.17877,KEY=3103144399]
3088286178	Node[ID=http://127.0.1.17877,KEY=3103144399]
3088417250	Node[ID=http://127.0.1.17877,KEY=3103144399]
3088679394	Node[ID=http://127.0.1.17877,KEY=3103144399]
3089203682	Node[ID=http://127.0.1.17877,KEY=3103144399]
3090252258	Node[ID=http://127.0.1.17877,KEY=3103144399]
3092349410	Node[ID=http://127.0.1.17877,KEY=3103144399]
3096543714	Node[ID=http://127.0.1.17877,KEY=3103144399]
3104932322	Node[ID=http://127.0.1.17873,KEY=3214671318]
3121709538	Node[ID=http://127.0.1.17873,KEY=3214671318]
3155263970	Node[ID=http://127.0.1.17873,KEY=3214671318]
3222372834	Node[ID=http://127.0.1.17872,KEY=3365719360]
3356590562	Node[ID=http://127.0.1.17872,KEY=3365719360]
3625026018	Node[ID=http://127.0.1.17889,KEY=3637905415]
4161896930	Node[ID=http://127.0.1.17874,KEY=570386549]
940671458	Node[ID=http://127.0.1.17887,KEY=1064183040]
=======================================================
=======================================================
FingerTable: Node[ID=http://127.0.1.17877,KEY=3103144399]
-------------------------------------------------------
Predecessor: Node[ID=http://127.0.1.17890,KEY=3088155106]
Successor: Node[ID=http://127.0.1.17873,KEY=3214671318]
-------------------------------------------------------
3103144400	Node[ID=http://127.0.1.17873,KEY=3214671318]
3103144401	Node[ID=http://127.0.1.17873,KEY=3214671318]
3103144403	Node[ID=http://127.0.1.17873,KEY=3214671318]
3103144407	Node[ID=http://127.0.1.17873,KEY=3214671318]
3103144415	Node[ID=http://127.0.1.17873,KEY=3214671318]
3103144431	Node[ID=http://127.0.1.17873,KEY=3214671318]
3103144463	Node[ID=http://127.0.1.17873,KEY=3214671318]
3103144527	Node[ID=http://127.0.1.17873,KEY=3214671318]
3103144655	Node[ID=http://127.0.1.17873,KEY=3214671318]
3103144911	Node[ID=http://127.0.1.17873,KEY=3214671318]
3103145423	Node[ID=http://127.0.1.17873,KEY=3214671318]
3103146447	Node[ID=http://127.0.1.17873,KEY=3214671318]
3103148495	Node[ID=http://127.0.1.17873,KEY=3214671318]
3103152591	Node[ID=http://127.0.1.17873,KEY=3214671318]
3103160783	Node[ID=http://127.0.1.17873,KEY=3214671318]
3103177167	Node[ID=http://127.0.1.17873,KEY=3214671318]
3103209935	Node[ID=http://127.0.1.17873,KEY=3214671318]
3103275471	Node[ID=http://127.0.1.17873,KEY=3214671318]
3103406543	Node[ID=http://127.0.1.17873,KEY=3214671318]
3103668687	Node[ID=http://127.0.1.17873,KEY=3214671318]
3104192975	Node[ID=http://127.0.1.17873,KEY=3214671318]
3105241551	Node[ID=http://127.0.1.17873,KEY=3214671318]
3107338703	Node[ID=http://127.0.1.17873,KEY=3214671318]
3111533007	Node[ID=http://127.0.1.17873,KEY=3214671318]
3119921615	Node[ID=http://127.0.1.17873,KEY=3214671318]
3136698831	Node[ID=http://127.0.1.17873,KEY=3214671318]
3170253263	Node[ID=http://127.0.1.17873,KEY=3214671318]
3237362127	Node[ID=http://127.0.1.17872,KEY=3365719360]
3371579855	Node[ID=http://127.0.1.17876,KEY=3488680281]
3640015311	Node[ID=http://127.0.1.17874,KEY=570386549]
4176886223	Node[ID=http://127.0.1.17874,KEY=570386549]
955660751	Node[ID=http://127.0.1.17887,KEY=1064183040]
=======================================================
=======================================================
FingerTable: Node[ID=http://127.0.1.17873,KEY=3214671318]
-------------------------------------------------------
Predecessor: Node[ID=http://127.0.1.17877,KEY=3103144399]
Successor: Node[ID=http://127.0.1.17872,KEY=3365719360]
-------------------------------------------------------
3214671319	Node[ID=http://127.0.1.17872,KEY=3365719360]
3214671320	Node[ID=http://127.0.1.17872,KEY=3365719360]
3214671322	Node[ID=http://127.0.1.17872,KEY=3365719360]
3214671326	Node[ID=http://127.0.1.17872,KEY=3365719360]
3214671334	Node[ID=http://127.0.1.17872,KEY=3365719360]
3214671350	Node[ID=http://127.0.1.17872,KEY=3365719360]
3214671382	Node[ID=http://127.0.1.17872,KEY=3365719360]
3214671446	Node[ID=http://127.0.1.17872,KEY=3365719360]
3214671574	Node[ID=http://127.0.1.17872,KEY=3365719360]
3214671830	Node[ID=http://127.0.1.17872,KEY=3365719360]
3214672342	Node[ID=http://127.0.1.17872,KEY=3365719360]
3214673366	Node[ID=http://127.0.1.17872,KEY=3365719360]
3214675414	Node[ID=http://127.0.1.17872,KEY=3365719360]
3214679510	Node[ID=http://127.0.1.17872,KEY=3365719360]
3214687702	Node[ID=http://127.0.1.17872,KEY=3365719360]
3214704086	Node[ID=http://127.0.1.17872,KEY=3365719360]
3214736854	Node[ID=http://127.0.1.17872,KEY=3365719360]
3214802390	Node[ID=http://127.0.1.17872,KEY=3365719360]
3214933462	Node[ID=http://127.0.1.17872,KEY=3365719360]
3215195606	Node[ID=http://127.0.1.17872,KEY=3365719360]
3215719894	Node[ID=http://127.0.1.17872,KEY=3365719360]
3216768470	Node[ID=http://127.0.1.17872,KEY=3365719360]
3218865622	Node[ID=http://127.0.1.17872,KEY=3365719360]
3223059926	Node[ID=http://127.0.1.17872,KEY=3365719360]
3231448534	Node[ID=http://127.0.1.17872,KEY=3365719360]
3248225750	Node[ID=http://127.0.1.17872,KEY=3365719360]
3281780182	Node[ID=http://127.0.1.17872,KEY=3365719360]
3348889046	Node[ID=http://127.0.1.17872,KEY=3365719360]
3483106774	Node[ID=http://127.0.1.17876,KEY=3488680281]
3751542230	Node[ID=http://127.0.1.17874,KEY=570386549]
4288413142	Node[ID=http://127.0.1.17874,KEY=570386549]
1067187670	Node[ID=http://127.0.1.17886,KEY=1214846358]
=======================================================
=======================================================
FingerTable: Node[ID=http://127.0.1.17872,KEY=3365719360]
-------------------------------------------------------
Predecessor: Node[ID=http://127.0.1.17873,KEY=3214671318]
Successor: Node[ID=http://127.0.1.17876,KEY=3488680281]
-------------------------------------------------------
3365719361	Node[ID=http://127.0.1.17876,KEY=3488680281]
3365719362	Node[ID=http://127.0.1.17876,KEY=3488680281]
3365719364	Node[ID=http://127.0.1.17876,KEY=3488680281]
3365719368	Node[ID=http://127.0.1.17876,KEY=3488680281]
3365719376	Node[ID=http://127.0.1.17876,KEY=3488680281]
3365719392	Node[ID=http://127.0.1.17876,KEY=3488680281]
3365719424	Node[ID=http://127.0.1.17876,KEY=3488680281]
3365719488	Node[ID=http://127.0.1.17876,KEY=3488680281]
3365719616	Node[ID=http://127.0.1.17876,KEY=3488680281]
3365719872	Node[ID=http://127.0.1.17876,KEY=3488680281]
3365720384	Node[ID=http://127.0.1.17876,KEY=3488680281]
3365721408	Node[ID=http://127.0.1.17876,KEY=3488680281]
3365723456	Node[ID=http://127.0.1.17876,KEY=3488680281]
3365727552	Node[ID=http://127.0.1.17876,KEY=3488680281]
3365735744	Node[ID=http://127.0.1.17876,KEY=3488680281]
3365752128	Node[ID=http://127.0.1.17876,KEY=3488680281]
3365784896	Node[ID=http://127.0.1.17876,KEY=3488680281]
3365850432	Node[ID=http://127.0.1.17876,KEY=3488680281]
3365981504	Node[ID=http://127.0.1.17876,KEY=3488680281]
3366243648	Node[ID=http://127.0.1.17876,KEY=3488680281]
3366767936	Node[ID=http://127.0.1.17876,KEY=3488680281]
3367816512	Node[ID=http://127.0.1.17876,KEY=3488680281]
3369913664	Node[ID=http://127.0.1.17876,KEY=3488680281]
3374107968	Node[ID=http://127.0.1.17876,KEY=3488680281]
3382496576	Node[ID=http://127.0.1.17876,KEY=3488680281]
3399273792	Node[ID=http://127.0.1.17876,KEY=3488680281]
3432828224	Node[ID=http://127.0.1.17876,KEY=3488680281]
3499937088	Node[ID=http://127.0.1.17885,KEY=3512747052]
3634154816	Node[ID=http://127.0.1.17889,KEY=3637905415]
3902590272	Node[ID=http://127.0.1.17874,KEY=570386549]
144493888	Node[ID=http://127.0.1.17874,KEY=570386549]
1218235712	Node[ID=http://127.0.1.17882,KEY=1325715855]
=======================================================
=======================================================
FingerTable: Node[ID=http://127.0.1.17876,KEY=3488680281]
-------------------------------------------------------
Predecessor: Node[ID=http://127.0.1.17872,KEY=3365719360]
Successor: Node[ID=http://127.0.1.17885,KEY=3512747052]
-------------------------------------------------------
3488680282	Node[ID=http://127.0.1.17885,KEY=3512747052]
3488680283	Node[ID=http://127.0.1.17885,KEY=3512747052]
3488680285	Node[ID=http://127.0.1.17885,KEY=3512747052]
3488680289	Node[ID=http://127.0.1.17885,KEY=3512747052]
3488680297	Node[ID=http://127.0.1.17885,KEY=3512747052]
3488680313	Node[ID=http://127.0.1.17885,KEY=3512747052]
3488680345	Node[ID=http://127.0.1.17885,KEY=3512747052]
3488680409	Node[ID=http://127.0.1.17885,KEY=3512747052]
3488680537	Node[ID=http://127.0.1.17885,KEY=3512747052]
3488680793	Node[ID=http://127.0.1.17885,KEY=3512747052]
3488681305	Node[ID=http://127.0.1.17885,KEY=3512747052]
3488682329	Node[ID=http://127.0.1.17885,KEY=3512747052]
3488684377	Node[ID=http://127.0.1.17885,KEY=3512747052]
3488688473	Node[ID=http://127.0.1.17885,KEY=3512747052]
3488696665	Node[ID=http://127.0.1.17885,KEY=3512747052]
3488713049	Node[ID=http://127.0.1.17885,KEY=3512747052]
3488745817	Node[ID=http://127.0.1.17885,KEY=3512747052]
3488811353	Node[ID=http://127.0.1.17885,KEY=3512747052]
3488942425	Node[ID=http://127.0.1.17885,KEY=3512747052]
3489204569	Node[ID=http://127.0.1.17885,KEY=3512747052]
3489728857	Node[ID=http://127.0.1.17885,KEY=3512747052]
3490777433	Node[ID=http://127.0.1.17885,KEY=3512747052]
3492874585	Node[ID=http://127.0.1.17885,KEY=3512747052]
3497068889	Node[ID=http://127.0.1.17885,KEY=3512747052]
3505457497	Node[ID=http://127.0.1.17885,KEY=3512747052]
3522234713	Node[ID=http://127.0.1.17881,KEY=3591209013]
3555789145	Node[ID=http://127.0.1.17881,KEY=3591209013]
3622898009	Node[ID=http://127.0.1.17889,KEY=3637905415]
3757115737	Node[ID=http://127.0.1.17874,KEY=570386549]
4025551193	Node[ID=http://127.0.1.17874,KEY=570386549]
267454809	Node[ID=http://127.0.1.17874,KEY=570386549]
1341196633	Node[ID=http://127.0.1.17871,KEY=1368759546]
=======================================================
=======================================================
FingerTable: Node[ID=http://127.0.1.17885,KEY=3512747052]
-------------------------------------------------------
Predecessor: Node[ID=http://127.0.1.17876,KEY=3488680281]
Successor: Node[ID=http://127.0.1.17881,KEY=3591209013]
-------------------------------------------------------
3512747053	Node[ID=http://127.0.1.17881,KEY=3591209013]
3512747054	Node[ID=http://127.0.1.17881,KEY=3591209013]
3512747056	Node[ID=http://127.0.1.17881,KEY=3591209013]
3512747060	Node[ID=http://127.0.1.17881,KEY=3591209013]
3512747068	Node[ID=http://127.0.1.17881,KEY=3591209013]
3512747084	Node[ID=http://127.0.1.17881,KEY=3591209013]
3512747116	Node[ID=http://127.0.1.17881,KEY=3591209013]
3512747180	Node[ID=http://127.0.1.17881,KEY=3591209013]
3512747308	Node[ID=http://127.0.1.17881,KEY=3591209013]
3512747564	Node[ID=http://127.0.1.17881,KEY=3591209013]
3512748076	Node[ID=http://127.0.1.17881,KEY=3591209013]
3512749100	Node[ID=http://127.0.1.17881,KEY=3591209013]
3512751148	Node[ID=http://127.0.1.17881,KEY=3591209013]
3512755244	Node[ID=http://127.0.1.17881,KEY=3591209013]
3512763436	Node[ID=http://127.0.1.17881,KEY=3591209013]
3512779820	Node[ID=http://127.0.1.17881,KEY=3591209013]
3512812588	Node[ID=http://127.0.1.17881,KEY=3591209013]
3512878124	Node[ID=http://127.0.1.17881,KEY=3591209013]
3513009196	Node[ID=http://127.0.1.17881,KEY=3591209013]
3513271340	Node[ID=http://127.0.1.17881,KEY=3591209013]
3513795628	Node[ID=http://127.0.1.17881,KEY=3591209013]
3514844204	Node[ID=http://127.0.1.17881,KEY=3591209013]
3516941356	Node[ID=http://127.0.1.17881,KEY=3591209013]
3521135660	Node[ID=http://127.0.1.17881,KEY=3591209013]
3529524268	Node[ID=http://127.0.1.17881,KEY=3591209013]
3546301484	Node[ID=http://127.0.1.17881,KEY=3591209013]
3579855916	Node[ID=http://127.0.1.17881,KEY=3591209013]
3646964780	Node[ID=http://127.0.1.17874,KEY=570386549]
3781182508	Node[ID=http://127.0.1.17874,KEY=570386549]
4049617964	Node[ID=http://127.0.1.17874,KEY=570386549]
291521580	Node[ID=http://127.0.1.17874,KEY=570386549]
1365263404	Node[ID=http://127.0.1.17871,KEY=1368759546]
=======================================================
=======================================================
FingerTable: Node[ID=http://127.0.1.17881,KEY=3591209013]
-------------------------------------------------------
Predecessor: Node[ID=http://127.0.1.17885,KEY=3512747052]
Successor: Node[ID=http://127.0.1.17889,KEY=3637905415]
-------------------------------------------------------
3591209014	Node[ID=http://127.0.1.17889,KEY=3637905415]
3591209015	Node[ID=http://127.0.1.17889,KEY=3637905415]
3591209017	Node[ID=http://127.0.1.17889,KEY=3637905415]
3591209021	Node[ID=http://127.0.1.17889,KEY=3637905415]
3591209029	Node[ID=http://127.0.1.17889,KEY=3637905415]
3591209045	Node[ID=http://127.0.1.17889,KEY=3637905415]
3591209077	Node[ID=http://127.0.1.17889,KEY=3637905415]
3591209141	Node[ID=http://127.0.1.17889,KEY=3637905415]
3591209269	Node[ID=http://127.0.1.17889,KEY=3637905415]
3591209525	Node[ID=http://127.0.1.17889,KEY=3637905415]
3591210037	Node[ID=http://127.0.1.17889,KEY=3637905415]
3591211061	Node[ID=http://127.0.1.17889,KEY=3637905415]
3591213109	Node[ID=http://127.0.1.17889,KEY=3637905415]
3591217205	Node[ID=http://127.0.1.17889,KEY=3637905415]
3591225397	Node[ID=http://127.0.1.17889,KEY=3637905415]
3591241781	Node[ID=http://127.0.1.17889,KEY=3637905415]
3591274549	Node[ID=http://127.0.1.17889,KEY=3637905415]
3591340085	Node[ID=http://127.0.1.17889,KEY=3637905415]
3591471157	Node[ID=http://127.0.1.17889,KEY=3637905415]
3591733301	Node[ID=http://127.0.1.17889,KEY=3637905415]
3592257589	Node[ID=http://127.0.1.17889,KEY=3637905415]
3593306165	Node[ID=http://127.0.1.17889,KEY=3637905415]
3595403317	Node[ID=http://127.0.1.17889,KEY=3637905415]
3599597621	Node[ID=http://127.0.1.17889,KEY=3637905415]
3607986229	Node[ID=http://127.0.1.17889,KEY=3637905415]
3624763445	Node[ID=http://127.0.1.17889,KEY=3637905415]
3658317877	Node[ID=http://127.0.1.17874,KEY=570386549]
3725426741	Node[ID=http://127.0.1.17874,KEY=570386549]
3859644469	Node[ID=http://127.0.1.17874,KEY=570386549]
4128079925	Node[ID=http://127.0.1.17874,KEY=570386549]
369983541	Node[ID=http://127.0.1.17874,KEY=570386549]
1443725365	Node[ID=http://127.0.1.17875,KEY=1459116259]
=======================================================
=======================================================
FingerTable: Node[ID=http://127.0.1.17889,KEY=3637905415]
-------------------------------------------------------
Predecessor: Node[ID=http://127.0.1.17881,KEY=3591209013]
Successor: Node[ID=http://127.0.1.17874,KEY=570386549]
-------------------------------------------------------
3637905416	Node[ID=http://127.0.1.17874,KEY=570386549]
3637905417	Node[ID=http://127.0.1.17874,KEY=570386549]
3637905419	Node[ID=http://127.0.1.17874,KEY=570386549]
3637905423	Node[ID=http://127.0.1.17874,KEY=570386549]
3637905431	Node[ID=http://127.0.1.17874,KEY=570386549]
3637905447	Node[ID=http://127.0.1.17874,KEY=570386549]
3637905479	Node[ID=http://127.0.1.17874,KEY=570386549]
3637905543	Node[ID=http://127.0.1.17874,KEY=570386549]
3637905671	Node[ID=http://127.0.1.17874,KEY=570386549]
3637905927	Node[ID=http://127.0.1.17874,KEY=570386549]
3637906439	Node[ID=http://127.0.1.17874,KEY=570386549]
3637907463	Node[ID=http://127.0.1.17874,KEY=570386549]
3637909511	Node[ID=http://127.0.1.17874,KEY=570386549]
3637913607	Node[ID=http://127.0.1.17874,KEY=570386549]
3637921799	Node[ID=http://127.0.1.17874,KEY=570386549]
3637938183	Node[ID=http://127.0.1.17874,KEY=570386549]
3637970951	Node[ID=http://127.0.1.17874,KEY=570386549]
3638036487	Node[ID=http://127.0.1.17874,KEY=570386549]
3638167559	Node[ID=http://127.0.1.17874,KEY=570386549]
3638429703	Node[ID=http://127.0.1.17874,KEY=570386549]
3638953991	Node[ID=http://127.0.1.17874,KEY=570386549]
3640002567	Node[ID=http://127.0.1.17874,KEY=570386549]
3642099719	Node[ID=http://127.0.1.17874,KEY=570386549]
3646294023	Node[ID=http://127.0.1.17874,KEY=570386549]
3654682631	Node[ID=http://127.0.1.17874,KEY=570386549]
3671459847	Node[ID=http://127.0.1.17874,KEY=570386549]
3705014279	Node[ID=http://127.0.1.17874,KEY=570386549]
3772123143	Node[ID=http://127.0.1.17874,KEY=570386549]
3906340871	Node[ID=http://127.0.1.17874,KEY=570386549]
4174776327	Node[ID=http://127.0.1.17874,KEY=570386549]
416679943	Node[ID=http://127.0.1.17874,KEY=570386549]
1490421767	Node[ID=http://127.0.1.17879,KEY=1598952648]
=======================================================
Time Elapsed in Creating Stabilized Network of 20 nodes : 0.272
 Printing Nodes in the arrival order :

Node[ID=http://127.0.1.17871,KEY=1368759546]
Node[ID=http://127.0.1.17872,KEY=3365719360]
Node[ID=http://127.0.1.17873,KEY=3214671318]
Node[ID=http://127.0.1.17874,KEY=570386549]
Node[ID=http://127.0.1.17875,KEY=1459116259]
Node[ID=http://127.0.1.17876,KEY=3488680281]
Node[ID=http://127.0.1.17877,KEY=3103144399]
Node[ID=http://127.0.1.17878,KEY=675882078]
Node[ID=http://127.0.1.17879,KEY=1598952648]
Node[ID=http://127.0.1.17880,KEY=2701832355]
Node[ID=http://127.0.1.17881,KEY=3591209013]
Node[ID=http://127.0.1.17882,KEY=1325715855]
Node[ID=http://127.0.1.17883,KEY=939778329]
Node[ID=http://127.0.1.17884,KEY=2791797946]
Node[ID=http://127.0.1.17885,KEY=3512747052]
Node[ID=http://127.0.1.17886,KEY=1214846358]
Node[ID=http://127.0.1.17887,KEY=1064183040]
Node[ID=http://127.0.1.17888,KEY=2949724305]
Node[ID=http://127.0.1.17889,KEY=3637905415]
Node[ID=http://127.0.1.17890,KEY=3088155106]

 Printing Nodes in the sorted order :

Node[ID=http://127.0.1.17874,KEY=570386549]
Node[ID=http://127.0.1.17878,KEY=675882078]
Node[ID=http://127.0.1.17883,KEY=939778329]
Node[ID=http://127.0.1.17887,KEY=1064183040]
Node[ID=http://127.0.1.17886,KEY=1214846358]
Node[ID=http://127.0.1.17882,KEY=1325715855]
Node[ID=http://127.0.1.17871,KEY=1368759546]
Node[ID=http://127.0.1.17875,KEY=1459116259]
Node[ID=http://127.0.1.17879,KEY=1598952648]
Node[ID=http://127.0.1.17880,KEY=2701832355]
Node[ID=http://127.0.1.17884,KEY=2791797946]
Node[ID=http://127.0.1.17888,KEY=2949724305]
Node[ID=http://127.0.1.17890,KEY=3088155106]
Node[ID=http://127.0.1.17877,KEY=3103144399]
Node[ID=http://127.0.1.17873,KEY=3214671318]
Node[ID=http://127.0.1.17872,KEY=3365719360]
Node[ID=http://127.0.1.17876,KEY=3488680281]
Node[ID=http://127.0.1.17885,KEY=3512747052]
Node[ID=http://127.0.1.17881,KEY=3591209013]
Node[ID=http://127.0.1.17889,KEY=3637905415]

 rinting Finger Table of the Chord Ring Network :

=======================================================
FingerTable: Node[ID=http://127.0.1.17874,KEY=570386549]
-------------------------------------------------------
Predecessor: Node[ID=http://127.0.1.17889,KEY=3637905415]
Successor: Node[ID=http://127.0.1.17878,KEY=675882078]
-------------------------------------------------------
570386550	Node[ID=http://127.0.1.17878,KEY=675882078]
570386551	Node[ID=http://127.0.1.17878,KEY=675882078]
570386553	Node[ID=http://127.0.1.17878,KEY=675882078]
570386557	Node[ID=http://127.0.1.17878,KEY=675882078]
570386565	Node[ID=http://127.0.1.17878,KEY=675882078]
570386581	Node[ID=http://127.0.1.17878,KEY=675882078]
570386613	Node[ID=http://127.0.1.17878,KEY=675882078]
570386677	Node[ID=http://127.0.1.17878,KEY=675882078]
570386805	Node[ID=http://127.0.1.17878,KEY=675882078]
570387061	Node[ID=http://127.0.1.17878,KEY=675882078]
570387573	Node[ID=http://127.0.1.17878,KEY=675882078]
570388597	Node[ID=http://127.0.1.17878,KEY=675882078]
570390645	Node[ID=http://127.0.1.17878,KEY=675882078]
570394741	Node[ID=http://127.0.1.17878,KEY=675882078]
570402933	Node[ID=http://127.0.1.17878,KEY=675882078]
570419317	Node[ID=http://127.0.1.17878,KEY=675882078]
570452085	Node[ID=http://127.0.1.17878,KEY=675882078]
570517621	Node[ID=http://127.0.1.17878,KEY=675882078]
570648693	Node[ID=http://127.0.1.17878,KEY=675882078]
570910837	Node[ID=http://127.0.1.17878,KEY=675882078]
571435125	Node[ID=http://127.0.1.17878,KEY=675882078]
572483701	Node[ID=http://127.0.1.17878,KEY=675882078]
574580853	Node[ID=http://127.0.1.17878,KEY=675882078]
578775157	Node[ID=http://127.0.1.17878,KEY=675882078]
587163765	Node[ID=http://127.0.1.17878,KEY=675882078]
603940981	Node[ID=http://127.0.1.17878,KEY=675882078]
637495413	Node[ID=http://127.0.1.17878,KEY=675882078]
704604277	Node[ID=http://127.0.1.17883,KEY=939778329]
838822005	Node[ID=http://127.0.1.17883,KEY=939778329]
1107257461	Node[ID=http://127.0.1.17886,KEY=1214846358]
1644128373	Node[ID=http://127.0.1.17880,KEY=2701832355]
2717870197	Node[ID=http://127.0.1.17884,KEY=2791797946]
=======================================================
=======================================================
FingerTable: Node[ID=http://127.0.1.17878,KEY=675882078]
-------------------------------------------------------
Predecessor: Node[ID=http://127.0.1.17874,KEY=570386549]
Successor: Node[ID=http://127.0.1.17883,KEY=939778329]
-------------------------------------------------------
675882079	Node[ID=http://127.0.1.17883,KEY=939778329]
675882080	Node[ID=http://127.0.1.17883,KEY=939778329]
675882082	Node[ID=http://127.0.1.17883,KEY=939778329]
675882086	Node[ID=http://127.0.1.17883,KEY=939778329]
675882094	Node[ID=http://127.0.1.17883,KEY=939778329]
675882110	Node[ID=http://127.0.1.17883,KEY=939778329]
675882142	Node[ID=http://127.0.1.17883,KEY=939778329]
675882206	Node[ID=http://127.0.1.17883,KEY=939778329]
675882334	Node[ID=http://127.0.1.17883,KEY=939778329]
675882590	Node[ID=http://127.0.1.17883,KEY=939778329]
675883102	Node[ID=http://127.0.1.17883,KEY=939778329]
675884126	Node[ID=http://127.0.1.17883,KEY=939778329]
675886174	Node[ID=http://127.0.1.17883,KEY=939778329]
675890270	Node[ID=http://127.0.1.17883,KEY=939778329]
675898462	Node[ID=http://127.0.1.17883,KEY=939778329]
675914846	Node[ID=http://127.0.1.17883,KEY=939778329]
675947614	Node[ID=http://127.0.1.17883,KEY=939778329]
676013150	Node[ID=http://127.0.1.17883,KEY=939778329]
676144222	Node[ID=http://127.0.1.17883,KEY=939778329]
676406366	Node[ID=http://127.0.1.17883,KEY=939778329]
676930654	Node[ID=http://127.0.1.17883,KEY=939778329]
677979230	Node[ID=http://127.0.1.17883,KEY=939778329]
680076382	Node[ID=http://127.0.1.17883,KEY=939778329]
684270686	Node[ID=http://127.0.1.17883,KEY=939778329]
692659294	Node[ID=http://127.0.1.17883,KEY=939778329]
709436510	Node[ID=http://127.0.1.17883,KEY=939778329]
742990942	Node[ID=http://127.0.1.17883,KEY=939778329]
810099806	Node[ID=http://127.0.1.17883,KEY=939778329]
944317534	Node[ID=http://127.0.1.17887,KEY=1064183040]
1212752990	Node[ID=http://127.0.1.17886,KEY=1214846358]
1749623902	Node[ID=http://127.0.1.17880,KEY=2701832355]
2823365726	Node[ID=http://127.0.1.17888,KEY=2949724305]
=======================================================
=======================================================
FingerTable: Node[ID=http://127.0.1.17883,KEY=939778329]
-------------------------------------------------------
Predecessor: Node[ID=http://127.0.1.17878,KEY=675882078]
Successor: Node[ID=http://127.0.1.17887,KEY=1064183040]
-------------------------------------------------------
939778330	Node[ID=http://127.0.1.17887,KEY=1064183040]
939778331	Node[ID=http://127.0.1.17887,KEY=1064183040]
939778333	Node[ID=http://127.0.1.17887,KEY=1064183040]
939778337	Node[ID=http://127.0.1.17887,KEY=1064183040]
939778345	Node[ID=http://127.0.1.17887,KEY=1064183040]
939778361	Node[ID=http://127.0.1.17887,KEY=1064183040]
939778393	Node[ID=http://127.0.1.17887,KEY=1064183040]
939778457	Node[ID=http://127.0.1.17887,KEY=1064183040]
939778585	Node[ID=http://127.0.1.17887,KEY=1064183040]
939778841	Node[ID=http://127.0.1.17887,KEY=1064183040]
939779353	Node[ID=http://127.0.1.17887,KEY=1064183040]
939780377	Node[ID=http://127.0.1.17887,KEY=1064183040]
939782425	Node[ID=http://127.0.1.17887,KEY=1064183040]
939786521	Node[ID=http://127.0.1.17887,KEY=1064183040]
939794713	Node[ID=http://127.0.1.17887,KEY=1064183040]
939811097	Node[ID=http://127.0.1.17887,KEY=1064183040]
939843865	Node[ID=http://127.0.1.17887,KEY=1064183040]
939909401	Node[ID=http://127.0.1.17887,KEY=1064183040]
940040473	Node[ID=http://127.0.1.17887,KEY=1064183040]
940302617	Node[ID=http://127.0.1.17887,KEY=1064183040]
940826905	Node[ID=http://127.0.1.17887,KEY=1064183040]
941875481	Node[ID=http://127.0.1.17887,KEY=1064183040]
943972633	Node[ID=http://127.0.1.17887,KEY=1064183040]
948166937	Node[ID=http://127.0.1.17887,KEY=1064183040]
956555545	Node[ID=http://127.0.1.17887,KEY=1064183040]
973332761	Node[ID=http://127.0.1.17887,KEY=1064183040]
1006887193	Node[ID=http://127.0.1.17887,KEY=1064183040]
1073996057	Node[ID=http://127.0.1.17886,KEY=1214846358]
1208213785	Node[ID=http://127.0.1.17886,KEY=1214846358]
1476649241	Node[ID=http://127.0.1.17879,KEY=1598952648]
2013520153	Node[ID=http://127.0.1.17880,KEY=2701832355]
3087261977	Node[ID=http://127.0.1.17890,KEY=3088155106]
=======================================================
=======================================================
FingerTable: Node[ID=http://127.0.1.17887,KEY=1064183040]
-------------------------------------------------------
Predecessor: Node[ID=http://127.0.1.17883,KEY=939778329]
Successor: Node[ID=http://127.0.1.17886,KEY=1214846358]
-------------------------------------------------------
1064183041	Node[ID=http://127.0.1.17886,KEY=1214846358]
1064183042	Node[ID=http://127.0.1.17886,KEY=1214846358]
1064183044	Node[ID=http://127.0.1.17886,KEY=1214846358]
1064183048	Node[ID=http://127.0.1.17886,KEY=1214846358]
1064183056	Node[ID=http://127.0.1.17886,KEY=1214846358]
1064183072	Node[ID=http://127.0.1.17886,KEY=1214846358]
1064183104	Node[ID=http://127.0.1.17886,KEY=1214846358]
1064183168	Node[ID=http://127.0.1.17886,KEY=1214846358]
1064183296	Node[ID=http://127.0.1.17886,KEY=1214846358]
1064183552	Node[ID=http://127.0.1.17886,KEY=1214846358]
1064184064	Node[ID=http://127.0.1.17886,KEY=1214846358]
1064185088	Node[ID=http://127.0.1.17886,KEY=1214846358]
1064187136	Node[ID=http://127.0.1.17886,KEY=1214846358]
1064191232	Node[ID=http://127.0.1.17886,KEY=1214846358]
1064199424	Node[ID=http://127.0.1.17886,KEY=1214846358]
1064215808	Node[ID=http://127.0.1.17886,KEY=1214846358]
1064248576	Node[ID=http://127.0.1.17886,KEY=1214846358]
1064314112	Node[ID=http://127.0.1.17886,KEY=1214846358]
1064445184	Node[ID=http://127.0.1.17886,KEY=1214846358]
1064707328	Node[ID=http://127.0.1.17886,KEY=1214846358]
1065231616	Node[ID=http://127.0.1.17886,KEY=1214846358]
1066280192	Node[ID=http://127.0.1.17886,KEY=1214846358]
1068377344	Node[ID=http://127.0.1.17886,KEY=1214846358]
1072571648	Node[ID=http://127.0.1.17886,KEY=1214846358]
1080960256	Node[ID=http://127.0.1.17886,KEY=1214846358]
1097737472	Node[ID=http://127.0.1.17886,KEY=1214846358]
1131291904	Node[ID=http://127.0.1.17886,KEY=1214846358]
1198400768	Node[ID=http://127.0.1.17886,KEY=1214846358]
1332618496	Node[ID=http://127.0.1.17871,KEY=1368759546]
1601053952	Node[ID=http://127.0.1.17880,KEY=2701832355]
2137924864	Node[ID=http://127.0.1.17880,KEY=2701832355]
3211666688	Node[ID=http://127.0.1.17873,KEY=3214671318]
=======================================================
=======================================================
FingerTable: Node[ID=http://127.0.1.17886,KEY=1214846358]
-------------------------------------------------------
Predecessor: Node[ID=http://127.0.1.17887,KEY=1064183040]
Successor: Node[ID=http://127.0.1.17882,KEY=1325715855]
-------------------------------------------------------
1214846359	Node[ID=http://127.0.1.17882,KEY=1325715855]
1214846360	Node[ID=http://127.0.1.17882,KEY=1325715855]
1214846362	Node[ID=http://127.0.1.17882,KEY=1325715855]
1214846366	Node[ID=http://127.0.1.17882,KEY=1325715855]
1214846374	Node[ID=http://127.0.1.17882,KEY=1325715855]
1214846390	Node[ID=http://127.0.1.17882,KEY=1325715855]
1214846422	Node[ID=http://127.0.1.17882,KEY=1325715855]
1214846486	Node[ID=http://127.0.1.17882,KEY=1325715855]
1214846614	Node[ID=http://127.0.1.17882,KEY=1325715855]
1214846870	Node[ID=http://127.0.1.17882,KEY=1325715855]
1214847382	Node[ID=http://127.0.1.17882,KEY=1325715855]
1214848406	Node[ID=http://127.0.1.17882,KEY=1325715855]
1214850454	Node[ID=http://127.0.1.17882,KEY=1325715855]
1214854550	Node[ID=http://127.0.1.17882,KEY=1325715855]
1214862742	Node[ID=http://127.0.1.17882,KEY=1325715855]
1214879126	Node[ID=http://127.0.1.17882,KEY=1325715855]
1214911894	Node[ID=http://127.0.1.17882,KEY=1325715855]
1214977430	Node[ID=http://127.0.1.17882,KEY=1325715855]
1215108502	Node[ID=http://127.0.1.17882,KEY=1325715855]
1215370646	Node[ID=http://127.0.1.17882,KEY=1325715855]
1215894934	Node[ID=http://127.0.1.17882,KEY=1325715855]
1216943510	Node[ID=http://127.0.1.17882,KEY=1325715855]
1219040662	Node[ID=http://127.0.1.17882,KEY=1325715855]
1223234966	Node[ID=http://127.0.1.17882,KEY=1325715855]
1231623574	Node[ID=http://127.0.1.17882,KEY=1325715855]
1248400790	Node[ID=http://127.0.1.17882,KEY=1325715855]
1281955222	Node[ID=http://127.0.1.17882,KEY=1325715855]
1349064086	Node[ID=http://127.0.1.17871,KEY=1368759546]
1483281814	Node[ID=http://127.0.1.17879,KEY=1598952648]
1751717270	Node[ID=http://127.0.1.17880,KEY=2701832355]
2288588182	Node[ID=http://127.0.1.17880,KEY=2701832355]
3362330006	Node[ID=http://127.0.1.17872,KEY=3365719360]
=======================================================
=======================================================
FingerTable: Node[ID=http://127.0.1.17882,KEY=1325715855]
-------------------------------------------------------
Predecessor: Node[ID=http://127.0.1.17886,KEY=1214846358]
Successor: Node[ID=http://127.0.1.17871,KEY=1368759546]
-------------------------------------------------------
1325715856	Node[ID=http://127.0.1.17871,KEY=1368759546]
1325715857	Node[ID=http://127.0.1.17871,KEY=1368759546]
1325715859	Node[ID=http://127.0.1.17871,KEY=1368759546]
1325715863	Node[ID=http://127.0.1.17871,KEY=1368759546]
1325715871	Node[ID=http://127.0.1.17871,KEY=1368759546]
1325715887	Node[ID=http://127.0.1.17871,KEY=1368759546]
1325715919	Node[ID=http://127.0.1.17871,KEY=1368759546]
1325715983	Node[ID=http://127.0.1.17871,KEY=1368759546]
1325716111	Node[ID=http://127.0.1.17871,KEY=1368759546]
1325716367	Node[ID=http://127.0.1.17871,KEY=1368759546]
1325716879	Node[ID=http://127.0.1.17871,KEY=1368759546]
1325717903	Node[ID=http://127.0.1.17871,KEY=1368759546]
1325719951	Node[ID=http://127.0.1.17871,KEY=1368759546]
1325724047	Node[ID=http://127.0.1.17871,KEY=1368759546]
1325732239	Node[ID=http://127.0.1.17871,KEY=1368759546]
1325748623	Node[ID=http://127.0.1.17871,KEY=1368759546]
1325781391	Node[ID=http://127.0.1.17871,KEY=1368759546]
1325846927	Node[ID=http://127.0.1.17871,KEY=1368759546]
1325977999	Node[ID=http://127.0.1.17871,KEY=1368759546]
1326240143	Node[ID=http://127.0.1.17871,KEY=1368759546]
1326764431	Node[ID=http://127.0.1.17871,KEY=1368759546]
1327813007	Node[ID=http://127.0.1.17871,KEY=1368759546]
1329910159	Node[ID=http://127.0.1.17871,KEY=1368759546]
1334104463	Node[ID=http://127.0.1.17871,KEY=1368759546]
1342493071	Node[ID=http://127.0.1.17871,KEY=1368759546]
1359270287	Node[ID=http://127.0.1.17871,KEY=1368759546]
1392824719	Node[ID=http://127.0.1.17875,KEY=1459116259]
1459933583	Node[ID=http://127.0.1.17879,KEY=1598952648]
1594151311	Node[ID=http://127.0.1.17879,KEY=1598952648]
1862586767	Node[ID=http://127.0.1.17880,KEY=2701832355]
2399457679	Node[ID=http://127.0.1.17880,KEY=2701832355]
3473199503	Node[ID=http://127.0.1.17876,KEY=3488680281]
=======================================================
=======================================================
FingerTable: Node[ID=http://127.0.1.17871,KEY=1368759546]
-------------------------------------------------------
Predecessor: Node[ID=http://127.0.1.17882,KEY=1325715855]
Successor: Node[ID=http://127.0.1.17875,KEY=1459116259]
-------------------------------------------------------
1368759547	Node[ID=http://127.0.1.17875,KEY=1459116259]
1368759548	Node[ID=http://127.0.1.17875,KEY=1459116259]
1368759550	Node[ID=http://127.0.1.17875,KEY=1459116259]
1368759554	Node[ID=http://127.0.1.17875,KEY=1459116259]
1368759562	Node[ID=http://127.0.1.17875,KEY=1459116259]
1368759578	Node[ID=http://127.0.1.17875,KEY=1459116259]
1368759610	Node[ID=http://127.0.1.17875,KEY=1459116259]
1368759674	Node[ID=http://127.0.1.17875,KEY=1459116259]
1368759802	Node[ID=http://127.0.1.17875,KEY=1459116259]
1368760058	Node[ID=http://127.0.1.17875,KEY=1459116259]
1368760570	Node[ID=http://127.0.1.17875,KEY=1459116259]
1368761594	Node[ID=http://127.0.1.17875,KEY=1459116259]
1368763642	Node[ID=http://127.0.1.17875,KEY=1459116259]
1368767738	Node[ID=http://127.0.1.17875,KEY=1459116259]
1368775930	Node[ID=http://127.0.1.17875,KEY=1459116259]
1368792314	Node[ID=http://127.0.1.17875,KEY=1459116259]
1368825082	Node[ID=http://127.0.1.17875,KEY=1459116259]
1368890618	Node[ID=http://127.0.1.17875,KEY=1459116259]
1369021690	Node[ID=http://127.0.1.17875,KEY=1459116259]
1369283834	Node[ID=http://127.0.1.17875,KEY=1459116259]
1369808122	Node[ID=http://127.0.1.17875,KEY=1459116259]
1370856698	Node[ID=http://127.0.1.17875,KEY=1459116259]
1372953850	Node[ID=http://127.0.1.17875,KEY=1459116259]
1377148154	Node[ID=http://127.0.1.17875,KEY=1459116259]
1385536762	Node[ID=http://127.0.1.17875,KEY=1459116259]
1402313978	Node[ID=http://127.0.1.17875,KEY=1459116259]
1435868410	Node[ID=http://127.0.1.17875,KEY=1459116259]
1502977274	Node[ID=http://127.0.1.17879,KEY=1598952648]
1637195002	Node[ID=http://127.0.1.17880,KEY=2701832355]
1905630458	Node[ID=http://127.0.1.17880,KEY=2701832355]
2442501370	Node[ID=http://127.0.1.17880,KEY=2701832355]
3516243194	Node[ID=http://127.0.1.17881,KEY=3591209013]
=======================================================
=======================================================
FingerTable: Node[ID=http://127.0.1.17875,KEY=1459116259]
-------------------------------------------------------
Predecessor: Node[ID=http://127.0.1.17871,KEY=1368759546]
Successor: Node[ID=http://127.0.1.17879,KEY=1598952648]
-------------------------------------------------------
1459116260	Node[ID=http://127.0.1.17879,KEY=1598952648]
1459116261	Node[ID=http://127.0.1.17879,KEY=1598952648]
1459116263	Node[ID=http://127.0.1.17879,KEY=1598952648]
1459116267	Node[ID=http://127.0.1.17879,KEY=1598952648]
1459116275	Node[ID=http://127.0.1.17879,KEY=1598952648]
1459116291	Node[ID=http://127.0.1.17879,KEY=1598952648]
1459116323	Node[ID=http://127.0.1.17879,KEY=1598952648]
1459116387	Node[ID=http://127.0.1.17879,KEY=1598952648]
1459116515	Node[ID=http://127.0.1.17879,KEY=1598952648]
1459116771	Node[ID=http://127.0.1.17879,KEY=1598952648]
1459117283	Node[ID=http://127.0.1.17879,KEY=1598952648]
1459118307	Node[ID=http://127.0.1.17879,KEY=1598952648]
1459120355	Node[ID=http://127.0.1.17879,KEY=1598952648]
1459124451	Node[ID=http://127.0.1.17879,KEY=1598952648]
1459132643	Node[ID=http://127.0.1.17879,KEY=1598952648]
1459149027	Node[ID=http://127.0.1.17879,KEY=1598952648]
1459181795	Node[ID=http://127.0.1.17879,KEY=1598952648]
1459247331	Node[ID=http://127.0.1.17879,KEY=1598952648]
1459378403	Node[ID=http://127.0.1.17879,KEY=1598952648]
1459640547	Node[ID=http://127.0.1.17879,KEY=1598952648]
1460164835	Node[ID=http://127.0.1.17879,KEY=1598952648]
1461213411	Node[ID=http://127.0.1.17879,KEY=1598952648]
1463310563	Node[ID=http://127.0.1.17879,KEY=1598952648]
1467504867	Node[ID=http://127.0.1.17879,KEY=1598952648]
1475893475	Node[ID=http://127.0.1.17879,KEY=1598952648]
1492670691	Node[ID=http://127.0.1.17879,KEY=1598952648]
1526225123	Node[ID=http://127.0.1.17879,KEY=1598952648]
1593333987	Node[ID=http://127.0.1.17879,KEY=1598952648]
1727551715	Node[ID=http://127.0.1.17880,KEY=2701832355]
1995987171	Node[ID=http://127.0.1.17880,KEY=2701832355]
2532858083	Node[ID=http://127.0.1.17880,KEY=2701832355]
3606599907	Node[ID=http://127.0.1.17889,KEY=3637905415]
=======================================================
=======================================================
FingerTable: Node[ID=http://127.0.1.17879,KEY=1598952648]
-------------------------------------------------------
Predecessor: Node[ID=http://127.0.1.17875,KEY=1459116259]
Successor: Node[ID=http://127.0.1.17880,KEY=2701832355]
-------------------------------------------------------
1598952649	Node[ID=http://127.0.1.17880,KEY=2701832355]
1598952650	Node[ID=http://127.0.1.17880,KEY=2701832355]
1598952652	Node[ID=http://127.0.1.17880,KEY=2701832355]
1598952656	Node[ID=http://127.0.1.17880,KEY=2701832355]
1598952664	Node[ID=http://127.0.1.17880,KEY=2701832355]
1598952680	Node[ID=http://127.0.1.17880,KEY=2701832355]
1598952712	Node[ID=http://127.0.1.17880,KEY=2701832355]
1598952776	Node[ID=http://127.0.1.17880,KEY=2701832355]
1598952904	Node[ID=http://127.0.1.17880,KEY=2701832355]
1598953160	Node[ID=http://127.0.1.17880,KEY=2701832355]
1598953672	Node[ID=http://127.0.1.17880,KEY=2701832355]
1598954696	Node[ID=http://127.0.1.17880,KEY=2701832355]
1598956744	Node[ID=http://127.0.1.17880,KEY=2701832355]
1598960840	Node[ID=http://127.0.1.17880,KEY=2701832355]
1598969032	Node[ID=http://127.0.1.17880,KEY=2701832355]
1598985416	Node[ID=http://127.0.1.17880,KEY=2701832355]
1599018184	Node[ID=http://127.0.1.17880,KEY=2701832355]
1599083720	Node[ID=http://127.0.1.17880,KEY=2701832355]
1599214792	Node[ID=http://127.0.1.17880,KEY=2701832355]
1599476936	Node[ID=http://127.0.1.17880,KEY=2701832355]
1600001224	Node[ID=http://127.0.1.17880,KEY=2701832355]
1601049800	Node[ID=http://127.0.1.17880,KEY=2701832355]
1603146952	Node[ID=http://127.0.1.17880,KEY=2701832355]
1607341256	Node[ID=http://127.0.1.17880,KEY=2701832355]
1615729864	Node[ID=http://127.0.1.17880,KEY=2701832355]
1632507080	Node[ID=http://127.0.1.17880,KEY=2701832355]
1666061512	Node[ID=http://127.0.1.17880,KEY=2701832355]
1733170376	Node[ID=http://127.0.1.17880,KEY=2701832355]
1867388104	Node[ID=http://127.0.1.17880,KEY=2701832355]
2135823560	Node[ID=http://127.0.1.17880,KEY=2701832355]
2672694472	Node[ID=http://127.0.1.17880,KEY=2701832355]
3746436296	Node[ID=http://127.0.1.17874,KEY=570386549]
=======================================================
=======================================================
FingerTable: Node[ID=http://127.0.1.17880,KEY=2701832355]
-------------------------------------------------------
Predecessor: Node[ID=http://127.0.1.17879,KEY=1598952648]
Successor: Node[ID=http://127.0.1.17884,KEY=2791797946]
-------------------------------------------------------
2701832356	Node[ID=http://127.0.1.17884,KEY=2791797946]
2701832357	Node[ID=http://127.0.1.17884,KEY=2791797946]
2701832359	Node[ID=http://127.0.1.17884,KEY=2791797946]
2701832363	Node[ID=http://127.0.1.17884,KEY=2791797946]
2701832371	Node[ID=http://127.0.1.17884,KEY=2791797946]
2701832387	Node[ID=http://127.0.1.17884,KEY=2791797946]
2701832419	Node[ID=http://127.0.1.17884,KEY=2791797946]
2701832483	Node[ID=http://127.0.1.17884,KEY=2791797946]
2701832611	Node[ID=http://127.0.1.17884,KEY=2791797946]
2701832867	Node[ID=http://127.0.1.17884,KEY=2791797946]
2701833379	Node[ID=http://127.0.1.17884,KEY=2791797946]
2701834403	Node[ID=http://127.0.1.17884,KEY=2791797946]
2701836451	Node[ID=http://127.0.1.17884,KEY=2791797946]
2701840547	Node[ID=http://127.0.1.17884,KEY=2791797946]
2701848739	Node[ID=http://127.0.1.17884,KEY=2791797946]
2701865123	Node[ID=http://127.0.1.17884,KEY=2791797946]
2701897891	Node[ID=http://127.0.1.17884,KEY=2791797946]
2701963427	Node[ID=http://127.0.1.17884,KEY=2791797946]
2702094499	Node[ID=http://127.0.1.17884,KEY=2791797946]
2702356643	Node[ID=http://127.0.1.17884,KEY=2791797946]
2702880931	Node[ID=http://127.0.1.17884,KEY=2791797946]
2703929507	Node[ID=http://127.0.1.17884,KEY=2791797946]
2706026659	Node[ID=http://127.0.1.17884,KEY=2791797946]
2710220963	Node[ID=http://127.0.1.17884,KEY=2791797946]
2718609571	Node[ID=http://127.0.1.17884,KEY=2791797946]
2735386787	Node[ID=http://127.0.1.17884,KEY=2791797946]
2768941219	Node[ID=http://127.0.1.17884,KEY=2791797946]
2836050083	Node[ID=http://127.0.1.17888,KEY=2949724305]
2970267811	Node[ID=http://127.0.1.17890,KEY=3088155106]
3238703267	Node[ID=http://127.0.1.17872,KEY=3365719360]
3775574179	Node[ID=http://127.0.1.17874,KEY=570386549]
554348707	Node[ID=http://127.0.1.17874,KEY=570386549]
=======================================================
=======================================================
FingerTable: Node[ID=http://127.0.1.17884,KEY=2791797946]
-------------------------------------------------------
Predecessor: Node[ID=http://127.0.1.17880,KEY=2701832355]
Successor: Node[ID=http://127.0.1.17888,KEY=2949724305]
-------------------------------------------------------
2791797947	Node[ID=http://127.0.1.17888,KEY=2949724305]
2791797948	Node[ID=http://127.0.1.17888,KEY=2949724305]
2791797950	Node[ID=http://127.0.1.17888,KEY=2949724305]
2791797954	Node[ID=http://127.0.1.17888,KEY=2949724305]
2791797962	Node[ID=http://127.0.1.17888,KEY=2949724305]
2791797978	Node[ID=http://127.0.1.17888,KEY=2949724305]
2791798010	Node[ID=http://127.0.1.17888,KEY=2949724305]
2791798074	Node[ID=http://127.0.1.17888,KEY=2949724305]
2791798202	Node[ID=http://127.0.1.17888,KEY=2949724305]
2791798458	Node[ID=http://127.0.1.17888,KEY=2949724305]
2791798970	Node[ID=http://127.0.1.17888,KEY=2949724305]
2791799994	Node[ID=http://127.0.1.17888,KEY=2949724305]
2791802042	Node[ID=http://127.0.1.17888,KEY=2949724305]
2791806138	Node[ID=http://127.0.1.17888,KEY=2949724305]
2791814330	Node[ID=http://127.0.1.17888,KEY=2949724305]
2791830714	Node[ID=http://127.0.1.17888,KEY=2949724305]
2791863482	Node[ID=http://127.0.1.17888,KEY=2949724305]
2791929018	Node[ID=http://127.0.1.17888,KEY=2949724305]
2792060090	Node[ID=http://127.0.1.17888,KEY=2949724305]
2792322234	Node[ID=http://127.0.1.17888,KEY=2949724305]
2792846522	Node[ID=http://127.0.1.17888,KEY=2949724305]
2793895098	Node[ID=http://127.0.1.17888,KEY=2949724305]
2795992250	Node[ID=http://127.0.1.17888,KEY=2949724305]
2800186554	Node[ID=http://127.0.1.17888,KEY=2949724305]
2808575162	Node[ID=http://127.0.1.17888,KEY=2949724305]
2825352378	Node[ID=http://127.0.1.17888,KEY=2949724305]
2858906810	Node[ID=http://127.0.1.17888,KEY=2949724305]
2926015674	Node[ID=http://127.0.1.17888,KEY=2949724305]
3060233402	Node[ID=http://127.0.1.17890,KEY=3088155106]
3328668858	Node[ID=http://127.0.1.17872,KEY=3365719360]
3865539770	Node[ID=http://127.0.1.17874,KEY=570386549]
644314298	Node[ID=http://127.0.1.17878,KEY=675882078]
=======================================================
=======================================================
FingerTable: Node[ID=http://127.0.1.17888,KEY=2949724305]
-------------------------------------------------------
Predecessor: Node[ID=http://127.0.1.17884,KEY=2791797946]
Successor: Node[ID=http://127.0.1.17890,KEY=3088155106]
-------------------------------------------------------
2949724306	Node[ID=http://127.0.1.17890,KEY=3088155106]
2949724307	Node[ID=http://127.0.1.17890,KEY=3088155106]
2949724309	Node[ID=http://127.0.1.17890,KEY=3088155106]
2949724313	Node[ID=http://127.0.1.17890,KEY=3088155106]
2949724321	Node[ID=http://127.0.1.17890,KEY=3088155106]
2949724337	Node[ID=http://127.0.1.17890,KEY=3088155106]
2949724369	Node[ID=http://127.0.1.17890,KEY=3088155106]
2949724433	Node[ID=http://127.0.1.17890,KEY=3088155106]
2949724561	Node[ID=http://127.0.1.17890,KEY=3088155106]
2949724817	Node[ID=http://127.0.1.17890,KEY=3088155106]
2949725329	Node[ID=http://127.0.1.17890,KEY=3088155106]
2949726353	Node[ID=http://127.0.1.17890,KEY=3088155106]
2949728401	Node[ID=http://127.0.1.17890,KEY=3088155106]
2949732497	Node[ID=http://127.0.1.17890,KEY=3088155106]
2949740689	Node[ID=http://127.0.1.17890,KEY=3088155106]
2949757073	Node[ID=http://127.0.1.17890,KEY=3088155106]
2949789841	Node[ID=http://127.0.1.17890,KEY=3088155106]
2949855377	Node[ID=http://127.0.1.17890,KEY=3088155106]
2949986449	Node[ID=http://127.0.1.17890,KEY=3088155106]
2950248593	Node[ID=http://127.0.1.17890,KEY=3088155106]
2950772881	Node[ID=http://127.0.1.17890,KEY=3088155106]
2951821457	Node[ID=http://127.0.1.17890,KEY=3088155106]
2953918609	Node[ID=http://127.0.1.17890,KEY=3088155106]
2958112913	Node[ID=http://127.0.1.17890,KEY=3088155106]
2966501521	Node[ID=http://127.0.1.17890,KEY=3088155106]
2983278737	Node[ID=http://127.0.1.17890,KEY=3088155106]
3016833169	Node[ID=http://127.0.1.17890,KEY=3088155106]
3083942033	Node[ID=http://127.0.1.17890,KEY=3088155106]
3218159761	Node[ID=http://127.0.1.17872,KEY=3365719360]
3486595217	Node[ID=http://127.0.1.17876,KEY=3488680281]
4023466129	Node[ID=http://127.0.1.17874,KEY=570386549]
802240657	Node[ID=http://127.0.1.17883,KEY=939778329]
=======================================================
=======================================================
FingerTable: Node[ID=http://127.0.1.17890,KEY=3088155106]
-------------------------------------------------------
Predecessor: Node[ID=http://127.0.1.17888,KEY=2949724305]
Successor: Node[ID=http://127.0.1.17877,KEY=3103144399]
-------------------------------------------------------
3088155107	Node[ID=http://127.0.1.17877,KEY=3103144399]
3088155108	Node[ID=http://127.0.1.17877,KEY=3103144399]
3088155110	Node[ID=http://127.0.1.17877,KEY=3103144399]
3088155114	Node[ID=http://127.0.1.17877,KEY=3103144399]
3088155122	Node[ID=http://127.0.1.17877,KEY=3103144399]
3088155138	Node[ID=http://127.0.1.17877,KEY=3103144399]
3088155170	Node[ID=http://127.0.1.17877,KEY=3103144399]
3088155234	Node[ID=http://127.0.1.17877,KEY=3103144399]
3088155362	Node[ID=http://127.0.1.17877,KEY=3103144399]
3088155618	Node[ID=http://127.0.1.17877,KEY=3103144399]
3088156130	Node[ID=http://127.0.1.17877,KEY=3103144399]
3088157154	Node[ID=http://127.0.1.17877,KEY=3103144399]
3088159202	Node[ID=http://127.0.1.17877,KEY=3103144399]
3088163298	Node[ID=http://127.0.1.17877,KEY=3103144399]
3088171490	Node[ID=http://127.0.1.17877,KEY=3103144399]
3088187874	Node[ID=http://127.0.1.17877,KEY=3103144399]
3088220642	Node[ID=http://127.0.1.17877,KEY=3103144399]
3088286178	Node[ID=http://127.0.1.17877,KEY=3103144399]
3088417250	Node[ID=http://127.0.1.17877,KEY=3103144399]
3088679394	Node[ID=http://127.0.1.17877,KEY=3103144399]
3089203682	Node[ID=http://127.0.1.17877,KEY=3103144399]
3090252258	Node[ID=http://127.0.1.17877,KEY=3103144399]
3092349410	Node[ID=http://127.0.1.17877,KEY=3103144399]
3096543714	Node[ID=http://127.0.1.17877,KEY=3103144399]
3104932322	Node[ID=http://127.0.1.17873,KEY=3214671318]
3121709538	Node[ID=http://127.0.1.17873,KEY=3214671318]
3155263970	Node[ID=http://127.0.1.17873,KEY=3214671318]
3222372834	Node[ID=http://127.0.1.17872,KEY=3365719360]
3356590562	Node[ID=http://127.0.1.17872,KEY=3365719360]
3625026018	Node[ID=http://127.0.1.17889,KEY=3637905415]
4161896930	Node[ID=http://127.0.1.17874,KEY=570386549]
940671458	Node[ID=http://127.0.1.17887,KEY=1064183040]
=======================================================
=======================================================
FingerTable: Node[ID=http://127.0.1.17877,KEY=3103144399]
-------------------------------------------------------
Predecessor: Node[ID=http://127.0.1.17890,KEY=3088155106]
Successor: Node[ID=http://127.0.1.17873,KEY=3214671318]
-------------------------------------------------------
3103144400	Node[ID=http://127.0.1.17873,KEY=3214671318]
3103144401	Node[ID=http://127.0.1.17873,KEY=3214671318]
3103144403	Node[ID=http://127.0.1.17873,KEY=3214671318]
3103144407	Node[ID=http://127.0.1.17873,KEY=3214671318]
3103144415	Node[ID=http://127.0.1.17873,KEY=3214671318]
3103144431	Node[ID=http://127.0.1.17873,KEY=3214671318]
3103144463	Node[ID=http://127.0.1.17873,KEY=3214671318]
3103144527	Node[ID=http://127.0.1.17873,KEY=3214671318]
3103144655	Node[ID=http://127.0.1.17873,KEY=3214671318]
3103144911	Node[ID=http://127.0.1.17873,KEY=3214671318]
3103145423	Node[ID=http://127.0.1.17873,KEY=3214671318]
3103146447	Node[ID=http://127.0.1.17873,KEY=3214671318]
3103148495	Node[ID=http://127.0.1.17873,KEY=3214671318]
3103152591	Node[ID=http://127.0.1.17873,KEY=3214671318]
3103160783	Node[ID=http://127.0.1.17873,KEY=3214671318]
3103177167	Node[ID=http://127.0.1.17873,KEY=3214671318]
3103209935	Node[ID=http://127.0.1.17873,KEY=3214671318]
3103275471	Node[ID=http://127.0.1.17873,KEY=3214671318]
3103406543	Node[ID=http://127.0.1.17873,KEY=3214671318]
3103668687	Node[ID=http://127.0.1.17873,KEY=3214671318]
3104192975	Node[ID=http://127.0.1.17873,KEY=3214671318]
3105241551	Node[ID=http://127.0.1.17873,KEY=3214671318]
3107338703	Node[ID=http://127.0.1.17873,KEY=3214671318]
3111533007	Node[ID=http://127.0.1.17873,KEY=3214671318]
3119921615	Node[ID=http://127.0.1.17873,KEY=3214671318]
3136698831	Node[ID=http://127.0.1.17873,KEY=3214671318]
3170253263	Node[ID=http://127.0.1.17873,KEY=3214671318]
3237362127	Node[ID=http://127.0.1.17872,KEY=3365719360]
3371579855	Node[ID=http://127.0.1.17876,KEY=3488680281]
3640015311	Node[ID=http://127.0.1.17874,KEY=570386549]
4176886223	Node[ID=http://127.0.1.17874,KEY=570386549]
955660751	Node[ID=http://127.0.1.17887,KEY=1064183040]
=======================================================
=======================================================
FingerTable: Node[ID=http://127.0.1.17873,KEY=3214671318]
-------------------------------------------------------
Predecessor: Node[ID=http://127.0.1.17877,KEY=3103144399]
Successor: Node[ID=http://127.0.1.17872,KEY=3365719360]
-------------------------------------------------------
3214671319	Node[ID=http://127.0.1.17872,KEY=3365719360]
3214671320	Node[ID=http://127.0.1.17872,KEY=3365719360]
3214671322	Node[ID=http://127.0.1.17872,KEY=3365719360]
3214671326	Node[ID=http://127.0.1.17872,KEY=3365719360]
3214671334	Node[ID=http://127.0.1.17872,KEY=3365719360]
3214671350	Node[ID=http://127.0.1.17872,KEY=3365719360]
3214671382	Node[ID=http://127.0.1.17872,KEY=3365719360]
3214671446	Node[ID=http://127.0.1.17872,KEY=3365719360]
3214671574	Node[ID=http://127.0.1.17872,KEY=3365719360]
3214671830	Node[ID=http://127.0.1.17872,KEY=3365719360]
3214672342	Node[ID=http://127.0.1.17872,KEY=3365719360]
3214673366	Node[ID=http://127.0.1.17872,KEY=3365719360]
3214675414	Node[ID=http://127.0.1.17872,KEY=3365719360]
3214679510	Node[ID=http://127.0.1.17872,KEY=3365719360]
3214687702	Node[ID=http://127.0.1.17872,KEY=3365719360]
3214704086	Node[ID=http://127.0.1.17872,KEY=3365719360]
3214736854	Node[ID=http://127.0.1.17872,KEY=3365719360]
3214802390	Node[ID=http://127.0.1.17872,KEY=3365719360]
3214933462	Node[ID=http://127.0.1.17872,KEY=3365719360]
3215195606	Node[ID=http://127.0.1.17872,KEY=3365719360]
3215719894	Node[ID=http://127.0.1.17872,KEY=3365719360]
3216768470	Node[ID=http://127.0.1.17872,KEY=3365719360]
3218865622	Node[ID=http://127.0.1.17872,KEY=3365719360]
3223059926	Node[ID=http://127.0.1.17872,KEY=3365719360]
3231448534	Node[ID=http://127.0.1.17872,KEY=3365719360]
3248225750	Node[ID=http://127.0.1.17872,KEY=3365719360]
3281780182	Node[ID=http://127.0.1.17872,KEY=3365719360]
3348889046	Node[ID=http://127.0.1.17872,KEY=3365719360]
3483106774	Node[ID=http://127.0.1.17876,KEY=3488680281]
3751542230	Node[ID=http://127.0.1.17874,KEY=570386549]
4288413142	Node[ID=http://127.0.1.17874,KEY=570386549]
1067187670	Node[ID=http://127.0.1.17886,KEY=1214846358]
=======================================================
=======================================================
FingerTable: Node[ID=http://127.0.1.17872,KEY=3365719360]
-------------------------------------------------------
Predecessor: Node[ID=http://127.0.1.17873,KEY=3214671318]
Successor: Node[ID=http://127.0.1.17876,KEY=3488680281]
-------------------------------------------------------
3365719361	Node[ID=http://127.0.1.17876,KEY=3488680281]
3365719362	Node[ID=http://127.0.1.17876,KEY=3488680281]
3365719364	Node[ID=http://127.0.1.17876,KEY=3488680281]
3365719368	Node[ID=http://127.0.1.17876,KEY=3488680281]
3365719376	Node[ID=http://127.0.1.17876,KEY=3488680281]
3365719392	Node[ID=http://127.0.1.17876,KEY=3488680281]
3365719424	Node[ID=http://127.0.1.17876,KEY=3488680281]
3365719488	Node[ID=http://127.0.1.17876,KEY=3488680281]
3365719616	Node[ID=http://127.0.1.17876,KEY=3488680281]
3365719872	Node[ID=http://127.0.1.17876,KEY=3488680281]
3365720384	Node[ID=http://127.0.1.17876,KEY=3488680281]
3365721408	Node[ID=http://127.0.1.17876,KEY=3488680281]
3365723456	Node[ID=http://127.0.1.17876,KEY=3488680281]
3365727552	Node[ID=http://127.0.1.17876,KEY=3488680281]
3365735744	Node[ID=http://127.0.1.17876,KEY=3488680281]
3365752128	Node[ID=http://127.0.1.17876,KEY=3488680281]
3365784896	Node[ID=http://127.0.1.17876,KEY=3488680281]
3365850432	Node[ID=http://127.0.1.17876,KEY=3488680281]
3365981504	Node[ID=http://127.0.1.17876,KEY=3488680281]
3366243648	Node[ID=http://127.0.1.17876,KEY=3488680281]
3366767936	Node[ID=http://127.0.1.17876,KEY=3488680281]
3367816512	Node[ID=http://127.0.1.17876,KEY=3488680281]
3369913664	Node[ID=http://127.0.1.17876,KEY=3488680281]
3374107968	Node[ID=http://127.0.1.17876,KEY=3488680281]
3382496576	Node[ID=http://127.0.1.17876,KEY=3488680281]
3399273792	Node[ID=http://127.0.1.17876,KEY=3488680281]
3432828224	Node[ID=http://127.0.1.17876,KEY=3488680281]
3499937088	Node[ID=http://127.0.1.17885,KEY=3512747052]
3634154816	Node[ID=http://127.0.1.17889,KEY=3637905415]
3902590272	Node[ID=http://127.0.1.17874,KEY=570386549]
144493888	Node[ID=http://127.0.1.17874,KEY=570386549]
1218235712	Node[ID=http://127.0.1.17882,KEY=1325715855]
=======================================================
=======================================================
FingerTable: Node[ID=http://127.0.1.17876,KEY=3488680281]
-------------------------------------------------------
Predecessor: Node[ID=http://127.0.1.17872,KEY=3365719360]
Successor: Node[ID=http://127.0.1.17885,KEY=3512747052]
-------------------------------------------------------
3488680282	Node[ID=http://127.0.1.17885,KEY=3512747052]
3488680283	Node[ID=http://127.0.1.17885,KEY=3512747052]
3488680285	Node[ID=http://127.0.1.17885,KEY=3512747052]
3488680289	Node[ID=http://127.0.1.17885,KEY=3512747052]
3488680297	Node[ID=http://127.0.1.17885,KEY=3512747052]
3488680313	Node[ID=http://127.0.1.17885,KEY=3512747052]
3488680345	Node[ID=http://127.0.1.17885,KEY=3512747052]
3488680409	Node[ID=http://127.0.1.17885,KEY=3512747052]
3488680537	Node[ID=http://127.0.1.17885,KEY=3512747052]
3488680793	Node[ID=http://127.0.1.17885,KEY=3512747052]
3488681305	Node[ID=http://127.0.1.17885,KEY=3512747052]
3488682329	Node[ID=http://127.0.1.17885,KEY=3512747052]
3488684377	Node[ID=http://127.0.1.17885,KEY=3512747052]
3488688473	Node[ID=http://127.0.1.17885,KEY=3512747052]
3488696665	Node[ID=http://127.0.1.17885,KEY=3512747052]
3488713049	Node[ID=http://127.0.1.17885,KEY=3512747052]
3488745817	Node[ID=http://127.0.1.17885,KEY=3512747052]
3488811353	Node[ID=http://127.0.1.17885,KEY=3512747052]
3488942425	Node[ID=http://127.0.1.17885,KEY=3512747052]
3489204569	Node[ID=http://127.0.1.17885,KEY=3512747052]
3489728857	Node[ID=http://127.0.1.17885,KEY=3512747052]
3490777433	Node[ID=http://127.0.1.17885,KEY=3512747052]
3492874585	Node[ID=http://127.0.1.17885,KEY=3512747052]
3497068889	Node[ID=http://127.0.1.17885,KEY=3512747052]
3505457497	Node[ID=http://127.0.1.17885,KEY=3512747052]
3522234713	Node[ID=http://127.0.1.17881,KEY=3591209013]
3555789145	Node[ID=http://127.0.1.17881,KEY=3591209013]
3622898009	Node[ID=http://127.0.1.17889,KEY=3637905415]
3757115737	Node[ID=http://127.0.1.17874,KEY=570386549]
4025551193	Node[ID=http://127.0.1.17874,KEY=570386549]
267454809	Node[ID=http://127.0.1.17874,KEY=570386549]
1341196633	Node[ID=http://127.0.1.17871,KEY=1368759546]
=======================================================
=======================================================
FingerTable: Node[ID=http://127.0.1.17885,KEY=3512747052]
-------------------------------------------------------
Predecessor: Node[ID=http://127.0.1.17876,KEY=3488680281]
Successor: Node[ID=http://127.0.1.17881,KEY=3591209013]
-------------------------------------------------------
3512747053	Node[ID=http://127.0.1.17881,KEY=3591209013]
3512747054	Node[ID=http://127.0.1.17881,KEY=3591209013]
3512747056	Node[ID=http://127.0.1.17881,KEY=3591209013]
3512747060	Node[ID=http://127.0.1.17881,KEY=3591209013]
3512747068	Node[ID=http://127.0.1.17881,KEY=3591209013]
3512747084	Node[ID=http://127.0.1.17881,KEY=3591209013]
3512747116	Node[ID=http://127.0.1.17881,KEY=3591209013]
3512747180	Node[ID=http://127.0.1.17881,KEY=3591209013]
3512747308	Node[ID=http://127.0.1.17881,KEY=3591209013]
3512747564	Node[ID=http://127.0.1.17881,KEY=3591209013]
3512748076	Node[ID=http://127.0.1.17881,KEY=3591209013]
3512749100	Node[ID=http://127.0.1.17881,KEY=3591209013]
3512751148	Node[ID=http://127.0.1.17881,KEY=3591209013]
3512755244	Node[ID=http://127.0.1.17881,KEY=3591209013]
3512763436	Node[ID=http://127.0.1.17881,KEY=3591209013]
3512779820	Node[ID=http://127.0.1.17881,KEY=3591209013]
3512812588	Node[ID=http://127.0.1.17881,KEY=3591209013]
3512878124	Node[ID=http://127.0.1.17881,KEY=3591209013]
3513009196	Node[ID=http://127.0.1.17881,KEY=3591209013]
3513271340	Node[ID=http://127.0.1.17881,KEY=3591209013]
3513795628	Node[ID=http://127.0.1.17881,KEY=3591209013]
3514844204	Node[ID=http://127.0.1.17881,KEY=3591209013]
3516941356	Node[ID=http://127.0.1.17881,KEY=3591209013]
3521135660	Node[ID=http://127.0.1.17881,KEY=3591209013]
3529524268	Node[ID=http://127.0.1.17881,KEY=3591209013]
3546301484	Node[ID=http://127.0.1.17881,KEY=3591209013]
3579855916	Node[ID=http://127.0.1.17881,KEY=3591209013]
3646964780	Node[ID=http://127.0.1.17874,KEY=570386549]
3781182508	Node[ID=http://127.0.1.17874,KEY=570386549]
4049617964	Node[ID=http://127.0.1.17874,KEY=570386549]
291521580	Node[ID=http://127.0.1.17874,KEY=570386549]
1365263404	Node[ID=http://127.0.1.17871,KEY=1368759546]
=======================================================
=======================================================
FingerTable: Node[ID=http://127.0.1.17881,KEY=3591209013]
-------------------------------------------------------
Predecessor: Node[ID=http://127.0.1.17885,KEY=3512747052]
Successor: Node[ID=http://127.0.1.17889,KEY=3637905415]
-------------------------------------------------------
3591209014	Node[ID=http://127.0.1.17889,KEY=3637905415]
3591209015	Node[ID=http://127.0.1.17889,KEY=3637905415]
3591209017	Node[ID=http://127.0.1.17889,KEY=3637905415]
3591209021	Node[ID=http://127.0.1.17889,KEY=3637905415]
3591209029	Node[ID=http://127.0.1.17889,KEY=3637905415]
3591209045	Node[ID=http://127.0.1.17889,KEY=3637905415]
3591209077	Node[ID=http://127.0.1.17889,KEY=3637905415]
3591209141	Node[ID=http://127.0.1.17889,KEY=3637905415]
3591209269	Node[ID=http://127.0.1.17889,KEY=3637905415]
3591209525	Node[ID=http://127.0.1.17889,KEY=3637905415]
3591210037	Node[ID=http://127.0.1.17889,KEY=3637905415]
3591211061	Node[ID=http://127.0.1.17889,KEY=3637905415]
3591213109	Node[ID=http://127.0.1.17889,KEY=3637905415]
3591217205	Node[ID=http://127.0.1.17889,KEY=3637905415]
3591225397	Node[ID=http://127.0.1.17889,KEY=3637905415]
3591241781	Node[ID=http://127.0.1.17889,KEY=3637905415]
3591274549	Node[ID=http://127.0.1.17889,KEY=3637905415]
3591340085	Node[ID=http://127.0.1.17889,KEY=3637905415]
3591471157	Node[ID=http://127.0.1.17889,KEY=3637905415]
3591733301	Node[ID=http://127.0.1.17889,KEY=3637905415]
3592257589	Node[ID=http://127.0.1.17889,KEY=3637905415]
3593306165	Node[ID=http://127.0.1.17889,KEY=3637905415]
3595403317	Node[ID=http://127.0.1.17889,KEY=3637905415]
3599597621	Node[ID=http://127.0.1.17889,KEY=3637905415]
3607986229	Node[ID=http://127.0.1.17889,KEY=3637905415]
3624763445	Node[ID=http://127.0.1.17889,KEY=3637905415]
3658317877	Node[ID=http://127.0.1.17874,KEY=570386549]
3725426741	Node[ID=http://127.0.1.17874,KEY=570386549]
3859644469	Node[ID=http://127.0.1.17874,KEY=570386549]
4128079925	Node[ID=http://127.0.1.17874,KEY=570386549]
369983541	Node[ID=http://127.0.1.17874,KEY=570386549]
1443725365	Node[ID=http://127.0.1.17875,KEY=1459116259]
=======================================================
=======================================================
FingerTable: Node[ID=http://127.0.1.17889,KEY=3637905415]
-------------------------------------------------------
Predecessor: Node[ID=http://127.0.1.17881,KEY=3591209013]
Successor: Node[ID=http://127.0.1.17874,KEY=570386549]
-------------------------------------------------------
3637905416	Node[ID=http://127.0.1.17874,KEY=570386549]
3637905417	Node[ID=http://127.0.1.17874,KEY=570386549]
3637905419	Node[ID=http://127.0.1.17874,KEY=570386549]
3637905423	Node[ID=http://127.0.1.17874,KEY=570386549]
3637905431	Node[ID=http://127.0.1.17874,KEY=570386549]
3637905447	Node[ID=http://127.0.1.17874,KEY=570386549]
3637905479	Node[ID=http://127.0.1.17874,KEY=570386549]
3637905543	Node[ID=http://127.0.1.17874,KEY=570386549]
3637905671	Node[ID=http://127.0.1.17874,KEY=570386549]
3637905927	Node[ID=http://127.0.1.17874,KEY=570386549]
3637906439	Node[ID=http://127.0.1.17874,KEY=570386549]
3637907463	Node[ID=http://127.0.1.17874,KEY=570386549]
3637909511	Node[ID=http://127.0.1.17874,KEY=570386549]
3637913607	Node[ID=http://127.0.1.17874,KEY=570386549]
3637921799	Node[ID=http://127.0.1.17874,KEY=570386549]
3637938183	Node[ID=http://127.0.1.17874,KEY=570386549]
3637970951	Node[ID=http://127.0.1.17874,KEY=570386549]
3638036487	Node[ID=http://127.0.1.17874,KEY=570386549]
3638167559	Node[ID=http://127.0.1.17874,KEY=570386549]
3638429703	Node[ID=http://127.0.1.17874,KEY=570386549]
3638953991	Node[ID=http://127.0.1.17874,KEY=570386549]
3640002567	Node[ID=http://127.0.1.17874,KEY=570386549]
3642099719	Node[ID=http://127.0.1.17874,KEY=570386549]
3646294023	Node[ID=http://127.0.1.17874,KEY=570386549]
3654682631	Node[ID=http://127.0.1.17874,KEY=570386549]
3671459847	Node[ID=http://127.0.1.17874,KEY=570386549]
3705014279	Node[ID=http://127.0.1.17874,KEY=570386549]
3772123143	Node[ID=http://127.0.1.17874,KEY=570386549]
3906340871	Node[ID=http://127.0.1.17874,KEY=570386549]
4174776327	Node[ID=http://127.0.1.17874,KEY=570386549]
416679943	Node[ID=http://127.0.1.17874,KEY=570386549]
1490421767	Node[ID=http://127.0.1.17879,KEY=1598952648]
=======================================================

